<?xml version="1.0" encoding="utf-8"?>
<TestRun id="d36f604c-73c2-4a03-8727-eada6b51e044" name="@Supremestrawhat 2026-04-20 23:35:44" xmlns="http://microsoft.com/schemas/VisualStudio/TeamTest/2010">
  <Times creation="2026-04-20T23:35:44.4398824+05:30" queuing="2026-04-20T23:35:44.4398825+05:30" start="2026-04-20T23:35:33.2000068+05:30" finish="2026-04-20T23:35:56.2765571+05:30" />
  <TestSettings name="default" id="34a0d083-a5bc-4a68-903d-d0cc31f4a56a">
    <Deployment runDeploymentRoot="_Supremestrawhat_2026-04-20_23_35_44" />
  </TestSettings>
  <Results>
    <UnitTestResult executionId="9ab2b533-46f5-4fce-bda5-b2ed8d5db46c" testId="d219f265-9244-9021-6227-29b2a046e0b5" testName="NextTurn.IntegrationTests.Queue.StaffQueueDashboardIntegrationTests.Skip_WithReason_MarksQueueHeadNoShow_AndWritesAuditLog" computerName="Supremestrawhat" duration="00:00:00.2935788" startTime="2026-04-20T23:35:53.8881580+05:30" endTime="2026-04-20T23:35:54.2634811+05:30" testType="13cdc9d9-ddb5-4fa4-a97d-d965ccfc6d4b" outcome="Passed" testListId="8c84fa94-04c1-424b-9868-57a2d4851a1d" relativeResultsDirectory="9ab2b533-46f5-4fce-bda5-b2ed8d5db46c" />
    <UnitTestResult executionId="00f6d834-4b21-4919-913f-213d6053c818" testId="1c4d2f01-b034-f750-092d-bc858bbc139b" testName="NextTurn.IntegrationTests.Queue.StaffQueueDashboardIntegrationTests.MarkNoShow_WithServingEntry_ClearsCurrentServing" computerName="Supremestrawhat" duration="00:00:00.2258848" startTime="2026-04-20T23:35:54.2658208+05:30" endTime="2026-04-20T23:35:54.5540695+05:30" testType="13cdc9d9-ddb5-4fa4-a97d-d965ccfc6d4b" outcome="Passed" testListId="8c84fa94-04c1-424b-9868-57a2d4851a1d" relativeResultsDirectory="00f6d834-4b21-4919-913f-213d6053c818" />
    <UnitTestResult executionId="edd8a98f-a3b0-434d-8cc7-4ff78bf28117" testId="22ece6fc-e2e6-e68c-5c86-c441c9eabbdc" testName="NextTurn.IntegrationTests.Queue.StaffQueueDashboardIntegrationTests.GetDashboard_WithWaitingEntries_ReturnsCurrentAndWaitingData" computerName="Supremestrawhat" duration="00:00:00.0906971" startTime="2026-04-20T23:35:54.6681638+05:30" endTime="2026-04-20T23:35:54.8379905+05:30" testType="13cdc9d9-ddb5-4fa4-a97d-d965ccfc6d4b" outcome="Passed" testListId="8c84fa94-04c1-424b-9868-57a2d4851a1d" relativeResultsDirectory="edd8a98f-a3b0-434d-8cc7-4ff78bf28117" />
    <UnitTestResult executionId="e73b363c-a391-4801-8e95-05e908d94ee9" testId="0f05c8a8-5d99-1aee-a59a-40980e0cd11a" testName="NextTurn.IntegrationTests.Appointment.AppointmentNotificationFlowIntegrationTests.CancelAppointment_WritesCancelledNotificationAuditLog" computerName="Supremestrawhat" duration="00:00:00.0940252" startTime="2026-04-20T23:35:44.2074987+05:30" endTime="2026-04-20T23:35:44.3205400+05:30" testType="13cdc9d9-ddb5-4fa4-a97d-d965ccfc6d4b" outcome="Failed" testListId="8c84fa94-04c1-424b-9868-57a2d4851a1d" relativeResultsDirectory="e73b363c-a391-4801-8e95-05e908d94ee9">
      <Output>
        <ErrorInfo>
          <Message>Expected audit not to be &lt;null&gt;.</Message>
          <StackTrace>   at FluentAssertions.Execution.LateBoundTestFramework.Throw(String message)
   at FluentAssertions.Execution.DefaultAssertionStrategy.HandleFailure(String message)
   at FluentAssertions.Execution.AssertionScope.AddPreFormattedFailure(String formattedFailureMessage)
   at FluentAssertions.Execution.AssertionChain.FailWith(Func`1 getFailureReason)
   at FluentAssertions.Execution.AssertionChain.FailWith(Func`1 getFailureReason)
   at FluentAssertions.Execution.AssertionChain.FailWith(String message)
   at FluentAssertions.Primitives.ReferenceTypeAssertions`2.NotBeNull(String because, Object[] becauseArgs)
   at NextTurn.IntegrationTests.Appointment.AppointmentNotificationFlowIntegrationTests.CancelAppointment_WritesCancelledNotificationAuditLog() in /home/miwesh/Documents/projects/next-turn/tests/NextTurn.IntegrationTests/Appointment/AppointmentNotificationFlowIntegrationTests.cs:line 157
   at NextTurn.IntegrationTests.Appointment.AppointmentNotificationFlowIntegrationTests.CancelAppointment_WritesCancelledNotificationAuditLog() in /home/miwesh/Documents/projects/next-turn/tests/NextTurn.IntegrationTests/Appointment/AppointmentNotificationFlowIntegrationTests.cs:line 158
--- End of stack trace from previous location ---</StackTrace>
        </ErrorInfo>
      </Output>
    </UnitTestResult>
    <UnitTestResult executionId="7041a907-8659-4992-b762-afc61e431f56" testId="88778bb1-d858-1563-848d-956a3ade95cb" testName="NextTurn.IntegrationTests.Queue.StaffQueueDashboardIntegrationTests.ServeNext_WhenNextUserWithinThreshold_WritesNotificationAuditLog" computerName="Supremestrawhat" duration="00:00:00.7232849" startTime="2026-04-20T23:35:53.0855775+05:30" endTime="2026-04-20T23:35:53.8859945+05:30" testType="13cdc9d9-ddb5-4fa4-a97d-d965ccfc6d4b" outcome="Failed" testListId="8c84fa94-04c1-424b-9868-57a2d4851a1d" relativeResultsDirectory="7041a907-8659-4992-b762-afc61e431f56">
      <Output>
        <ErrorInfo>
          <Message>Expected notificationAudit not to be &lt;null&gt;.</Message>
          <StackTrace>   at FluentAssertions.Execution.LateBoundTestFramework.Throw(String message)
   at FluentAssertions.Execution.DefaultAssertionStrategy.HandleFailure(String message)
   at FluentAssertions.Execution.AssertionScope.AddPreFormattedFailure(String formattedFailureMessage)
   at FluentAssertions.Execution.AssertionChain.FailWith(Func`1 getFailureReason)
   at FluentAssertions.Execution.AssertionChain.FailWith(Func`1 getFailureReason)
   at FluentAssertions.Execution.AssertionChain.FailWith(String message)
   at FluentAssertions.Primitives.ReferenceTypeAssertions`2.NotBeNull(String because, Object[] becauseArgs)
   at NextTurn.IntegrationTests.Queue.StaffQueueDashboardIntegrationTests.ServeNext_WhenNextUserWithinThreshold_WritesNotificationAuditLog() in /home/miwesh/Documents/projects/next-turn/tests/NextTurn.IntegrationTests/Queue/StaffQueueDashboardIntegrationTests.cs:line 318
   at NextTurn.IntegrationTests.Queue.StaffQueueDashboardIntegrationTests.ServeNext_WhenNextUserWithinThreshold_WritesNotificationAuditLog() in /home/miwesh/Documents/projects/next-turn/tests/NextTurn.IntegrationTests/Queue/StaffQueueDashboardIntegrationTests.cs:line 319
--- End of stack trace from previous location ---</StackTrace>
        </ErrorInfo>
      </Output>
    </UnitTestResult>
    <UnitTestResult executionId="3f2989cf-5947-4b7a-baef-19b9c21886e3" testId="5ece24a7-de05-f8cc-44c4-f9f910fc99ea" testName="NextTurn.IntegrationTests.Queue.StaffQueueDashboardIntegrationTests.CallNext_WithWaitingEntries_SetsFirstTicketAsServing" computerName="Supremestrawhat" duration="00:00:00.1547999" startTime="2026-04-20T23:35:55.5425414+05:30" endTime="2026-04-20T23:35:55.7656820+05:30" testType="13cdc9d9-ddb5-4fa4-a97d-d965ccfc6d4b" outcome="Passed" testListId="8c84fa94-04c1-424b-9868-57a2d4851a1d" relativeResultsDirectory="3f2989cf-5947-4b7a-baef-19b9c21886e3" />
    <UnitTestResult executionId="d2236157-1803-4e24-adb6-bd9a797d7799" testId="f7e1c641-e858-950a-edef-122e99ccbe50" testName="NextTurn.IntegrationTests.Queue.StaffQueueDashboardIntegrationTests.CallNext_ThenMarkServed_PersistsServingToServedTransitionInDatabase" computerName="Supremestrawhat" duration="00:00:00.0900633" startTime="2026-04-20T23:35:55.3625184+05:30" endTime="2026-04-20T23:35:55.5422924+05:30" testType="13cdc9d9-ddb5-4fa4-a97d-d965ccfc6d4b" outcome="Passed" testListId="8c84fa94-04c1-424b-9868-57a2d4851a1d" relativeResultsDirectory="d2236157-1803-4e24-adb6-bd9a797d7799" />
    <UnitTestResult executionId="648923a3-dfca-4d74-88c7-76edd60ca17f" testId="0c4f4bb4-5c70-6c5b-5dec-c559a3775d19" testName="NextTurn.IntegrationTests.Queue.StaffQueueDashboardIntegrationTests.CallNext_WithUserRole_Returns403Forbidden" computerName="Supremestrawhat" duration="00:00:00.0443706" startTime="2026-04-20T23:35:54.5545405+05:30" endTime="2026-04-20T23:35:54.6677153+05:30" testType="13cdc9d9-ddb5-4fa4-a97d-d965ccfc6d4b" outcome="Passed" testListId="8c84fa94-04c1-424b-9868-57a2d4851a1d" relativeResultsDirectory="648923a3-dfca-4d74-88c7-76edd60ca17f" />
    <UnitTestResult executionId="4d5c3e52-8023-4283-b05e-3f598439d405" testId="ae09a7fe-b973-1bd4-90a4-17ec29507df4" testName="NextTurn.IntegrationTests.Appointment.AppointmentNotificationFlowIntegrationTests.RescheduleAppointment_WritesRescheduledNotificationAuditLog" computerName="Supremestrawhat" duration="00:00:00.3375684" startTime="2026-04-20T23:35:43.8592615+05:30" endTime="2026-04-20T23:35:44.2045386+05:30" testType="13cdc9d9-ddb5-4fa4-a97d-d965ccfc6d4b" outcome="Failed" testListId="8c84fa94-04c1-424b-9868-57a2d4851a1d" relativeResultsDirectory="4d5c3e52-8023-4283-b05e-3f598439d405">
      <Output>
        <ErrorInfo>
          <Message>Expected audit not to be &lt;null&gt;.</Message>
          <StackTrace>   at FluentAssertions.Execution.LateBoundTestFramework.Throw(String message)
   at FluentAssertions.Execution.DefaultAssertionStrategy.HandleFailure(String message)
   at FluentAssertions.Execution.AssertionScope.AddPreFormattedFailure(String formattedFailureMessage)
   at FluentAssertions.Execution.AssertionChain.FailWith(Func`1 getFailureReason)
   at FluentAssertions.Execution.AssertionChain.FailWith(Func`1 getFailureReason)
   at FluentAssertions.Execution.AssertionChain.FailWith(String message)
   at FluentAssertions.Primitives.ReferenceTypeAssertions`2.NotBeNull(String because, Object[] becauseArgs)
   at NextTurn.IntegrationTests.Appointment.AppointmentNotificationFlowIntegrationTests.RescheduleAppointment_WritesRescheduledNotificationAuditLog() in /home/miwesh/Documents/projects/next-turn/tests/NextTurn.IntegrationTests/Appointment/AppointmentNotificationFlowIntegrationTests.cs:line 121
   at NextTurn.IntegrationTests.Appointment.AppointmentNotificationFlowIntegrationTests.RescheduleAppointment_WritesRescheduledNotificationAuditLog() in /home/miwesh/Documents/projects/next-turn/tests/NextTurn.IntegrationTests/Appointment/AppointmentNotificationFlowIntegrationTests.cs:line 122
--- End of stack trace from previous location ---</StackTrace>
        </ErrorInfo>
      </Output>
    </UnitTestResult>
    <UnitTestResult executionId="b291c328-374a-4b6e-b4e3-857f855d7875" testId="ae6e842a-7ead-fea9-8925-d14c0873d172" testName="NextTurn.IntegrationTests.Queue.StaffQueueDashboardIntegrationTests.MarkServed_WithServingEntry_ClearsCurrentServing" computerName="Supremestrawhat" duration="00:00:00.1999937" startTime="2026-04-20T23:35:54.8384479+05:30" endTime="2026-04-20T23:35:55.1111436+05:30" testType="13cdc9d9-ddb5-4fa4-a97d-d965ccfc6d4b" outcome="Passed" testListId="8c84fa94-04c1-424b-9868-57a2d4851a1d" relativeResultsDirectory="b291c328-374a-4b6e-b4e3-857f855d7875" />
    <UnitTestResult executionId="3240caaf-29b4-4c78-b381-b906ef200a13" testId="3d6398e4-82ba-b625-c1e1-6a22262b6ce8" testName="NextTurn.IntegrationTests.Queue.StaffQueueDashboardIntegrationTests.ServeNext_WithWaitingEntries_MarksQueueHeadServed_AndWritesAuditLog" computerName="Supremestrawhat" duration="00:00:00.1662559" startTime="2026-04-20T23:35:55.1115851+05:30" endTime="2026-04-20T23:35:55.3622665+05:30" testType="13cdc9d9-ddb5-4fa4-a97d-d965ccfc6d4b" outcome="Passed" testListId="8c84fa94-04c1-424b-9868-57a2d4851a1d" relativeResultsDirectory="3240caaf-29b4-4c78-b381-b906ef200a13" />
    <UnitTestResult executionId="d3695936-b6e4-4efb-8f28-23c1b190dc34" testId="887f97a2-7872-6641-bd66-d24af28ad631" testName="NextTurn.IntegrationTests.Queue.StaffQueueDashboardIntegrationTests.ServeNext_WhenUserPreferenceDisabled_DoesNotWriteNotificationAuditLog" computerName="Supremestrawhat" duration="00:00:00.0414245" startTime="2026-04-20T23:35:52.8079928+05:30" endTime="2026-04-20T23:35:53.0835985+05:30" testType="13cdc9d9-ddb5-4fa4-a97d-d965ccfc6d4b" outcome="Failed" testListId="8c84fa94-04c1-424b-9868-57a2d4851a1d" relativeResultsDirectory="d3695936-b6e4-4efb-8f28-23c1b190dc34">
      <Output>
        <ErrorInfo>
          <Message>System.InvalidOperationException : Sequence contains no elements.</Message>
          <StackTrace>   at Microsoft.EntityFrameworkCore.Query.ShapedQueryCompilingExpressionVisitor.SingleAsync[TSource](IAsyncEnumerable`1 asyncEnumerable, CancellationToken cancellationToken)
   at Microsoft.EntityFrameworkCore.Query.ShapedQueryCompilingExpressionVisitor.SingleAsync[TSource](IAsyncEnumerable`1 asyncEnumerable, CancellationToken cancellationToken)
   at NextTurn.IntegrationTests.Queue.StaffQueueDashboardIntegrationTests.ServeNext_WhenUserPreferenceDisabled_DoesNotWriteNotificationAuditLog() in /home/miwesh/Documents/projects/next-turn/tests/NextTurn.IntegrationTests/Queue/StaffQueueDashboardIntegrationTests.cs:line 328
   at NextTurn.IntegrationTests.Queue.StaffQueueDashboardIntegrationTests.ServeNext_WhenUserPreferenceDisabled_DoesNotWriteNotificationAuditLog() in /home/miwesh/Documents/projects/next-turn/tests/NextTurn.IntegrationTests/Queue/StaffQueueDashboardIntegrationTests.cs:line 331
--- End of stack trace from previous location ---</StackTrace>
        </ErrorInfo>
      </Output>
    </UnitTestResult>
    <UnitTestResult executionId="3b667d84-2a97-47bf-9f2b-587c5245ca90" testId="263cecc9-b7b5-f5ac-c392-6e8892cfac8a" testName="NextTurn.IntegrationTests.Appointment.AppointmentNotificationFlowIntegrationTests.BookAppointment_WhenBookedPreferenceDisabled_DoesNotWriteAuditLog" computerName="Supremestrawhat" duration="00:00:00.5906639" startTime="2026-04-20T23:35:42.9031757+05:30" endTime="2026-04-20T23:35:43.8371682+05:30" testType="13cdc9d9-ddb5-4fa4-a97d-d965ccfc6d4b" outcome="Failed" testListId="8c84fa94-04c1-424b-9868-57a2d4851a1d" relativeResultsDirectory="3b667d84-2a97-47bf-9f2b-587c5245ca90">
      <Output>
        <ErrorInfo>
          <Message>Expected preferencesUpdate.StatusCode to be HttpStatusCode.NoContent {value: 204}, but found HttpStatusCode.BadRequest {value: 400}.</Message>
          <StackTrace>   at FluentAssertions.Execution.LateBoundTestFramework.Throw(String message)
   at FluentAssertions.Execution.DefaultAssertionStrategy.HandleFailure(String message)
   at FluentAssertions.Execution.AssertionScope.AddPreFormattedFailure(String formattedFailureMessage)
   at FluentAssertions.Execution.AssertionChain.FailWith(Func`1 getFailureReason)
   at FluentAssertions.Execution.AssertionChain.FailWith(Func`1 getFailureReason)
   at FluentAssertions.Execution.AssertionChain.FailWith(String message, Object[] args)
   at FluentAssertions.Primitives.EnumAssertions`2.Be(TEnum expected, String because, Object[] becauseArgs)
   at NextTurn.IntegrationTests.Appointment.AppointmentNotificationFlowIntegrationTests.BookAppointment_WhenBookedPreferenceDisabled_DoesNotWriteAuditLog() in /home/miwesh/Documents/projects/next-turn/tests/NextTurn.IntegrationTests/Appointment/AppointmentNotificationFlowIntegrationTests.cs:line 174
--- End of stack trace from previous location ---</StackTrace>
        </ErrorInfo>
      </Output>
    </UnitTestResult>
    <UnitTestResult executionId="7a373014-bcf6-4cd7-9dcb-9c44151a41a2" testId="f5abc73f-4fdb-ac11-b49b-5ea1cc4dca95" testName="NextTurn.IntegrationTests.Appointment.AppointmentNotificationFlowIntegrationTests.BookAppointment_WritesBookedNotificationAuditLog" computerName="Supremestrawhat" duration="00:00:00.0469930" startTime="2026-04-20T23:35:44.3244174+05:30" endTime="2026-04-20T23:35:44.4368643+05:30" testType="13cdc9d9-ddb5-4fa4-a97d-d965ccfc6d4b" outcome="Failed" testListId="8c84fa94-04c1-424b-9868-57a2d4851a1d" relativeResultsDirectory="7a373014-bcf6-4cd7-9dcb-9c44151a41a2">
      <Output>
        <ErrorInfo>
          <Message>Expected audit not to be &lt;null&gt;.</Message>
          <StackTrace>   at FluentAssertions.Execution.LateBoundTestFramework.Throw(String message)
   at FluentAssertions.Execution.DefaultAssertionStrategy.HandleFailure(String message)
   at FluentAssertions.Execution.AssertionScope.AddPreFormattedFailure(String formattedFailureMessage)
   at FluentAssertions.Execution.AssertionChain.FailWith(Func`1 getFailureReason)
   at FluentAssertions.Execution.AssertionChain.FailWith(Func`1 getFailureReason)
   at FluentAssertions.Execution.AssertionChain.FailWith(String message)
   at FluentAssertions.Primitives.ReferenceTypeAssertions`2.NotBeNull(String because, Object[] becauseArgs)
   at NextTurn.IntegrationTests.Appointment.AppointmentNotificationFlowIntegrationTests.BookAppointment_WritesBookedNotificationAuditLog() in /home/miwesh/Documents/projects/next-turn/tests/NextTurn.IntegrationTests/Appointment/AppointmentNotificationFlowIntegrationTests.cs:line 76
   at NextTurn.IntegrationTests.Appointment.AppointmentNotificationFlowIntegrationTests.BookAppointment_WritesBookedNotificationAuditLog() in /home/miwesh/Documents/projects/next-turn/tests/NextTurn.IntegrationTests/Appointment/AppointmentNotificationFlowIntegrationTests.cs:line 77
--- End of stack trace from previous location ---</StackTrace>
        </ErrorInfo>
      </Output>
    </UnitTestResult>
  </Results>
  <TestDefinitions>
    <UnitTest name="NextTurn.IntegrationTests.Queue.StaffQueueDashboardIntegrationTests.GetDashboard_WithWaitingEntries_ReturnsCurrentAndWaitingData" storage="/home/miwesh/documents/projects/next-turn/tests/nextturn.integrationtests/bin/release/net10.0/nextturn.integrationtests.dll" id="22ece6fc-e2e6-e68c-5c86-c441c9eabbdc">
      <Execution id="edd8a98f-a3b0-434d-8cc7-4ff78bf28117" />
      <TestMethod codeBase="/home/miwesh/Documents/projects/next-turn/tests/NextTurn.IntegrationTests/bin/Release/net10.0/NextTurn.IntegrationTests.dll" adapterTypeName="executor://xunit/VsTestRunner3/netcore/" className="NextTurn.IntegrationTests.Queue.StaffQueueDashboardIntegrationTests" name="GetDashboard_WithWaitingEntries_ReturnsCurrentAndWaitingData" />
    </UnitTest>
    <UnitTest name="NextTurn.IntegrationTests.Appointment.AppointmentNotificationFlowIntegrationTests.BookAppointment_WhenBookedPreferenceDisabled_DoesNotWriteAuditLog" storage="/home/miwesh/documents/projects/next-turn/tests/nextturn.integrationtests/bin/release/net10.0/nextturn.integrationtests.dll" id="263cecc9-b7b5-f5ac-c392-6e8892cfac8a">
      <Execution id="3b667d84-2a97-47bf-9f2b-587c5245ca90" />
      <TestMethod codeBase="/home/miwesh/Documents/projects/next-turn/tests/NextTurn.IntegrationTests/bin/Release/net10.0/NextTurn.IntegrationTests.dll" adapterTypeName="executor://xunit/VsTestRunner3/netcore/" className="NextTurn.IntegrationTests.Appointment.AppointmentNotificationFlowIntegrationTests" name="BookAppointment_WhenBookedPreferenceDisabled_DoesNotWriteAuditLog" />
    </UnitTest>
    <UnitTest name="NextTurn.IntegrationTests.Appointment.AppointmentNotificationFlowIntegrationTests.BookAppointment_WritesBookedNotificationAuditLog" storage="/home/miwesh/documents/projects/next-turn/tests/nextturn.integrationtests/bin/release/net10.0/nextturn.integrationtests.dll" id="f5abc73f-4fdb-ac11-b49b-5ea1cc4dca95">
      <Execution id="7a373014-bcf6-4cd7-9dcb-9c44151a41a2" />
      <TestMethod codeBase="/home/miwesh/Documents/projects/next-turn/tests/NextTurn.IntegrationTests/bin/Release/net10.0/NextTurn.IntegrationTests.dll" adapterTypeName="executor://xunit/VsTestRunner3/netcore/" className="NextTurn.IntegrationTests.Appointment.AppointmentNotificationFlowIntegrationTests" name="BookAppointment_WritesBookedNotificationAuditLog" />
    </UnitTest>
    <UnitTest name="NextTurn.IntegrationTests.Queue.StaffQueueDashboardIntegrationTests.ServeNext_WithWaitingEntries_MarksQueueHeadServed_AndWritesAuditLog" storage="/home/miwesh/documents/projects/next-turn/tests/nextturn.integrationtests/bin/release/net10.0/nextturn.integrationtests.dll" id="3d6398e4-82ba-b625-c1e1-6a22262b6ce8">
      <Execution id="3240caaf-29b4-4c78-b381-b906ef200a13" />
      <TestMethod codeBase="/home/miwesh/Documents/projects/next-turn/tests/NextTurn.IntegrationTests/bin/Release/net10.0/NextTurn.IntegrationTests.dll" adapterTypeName="executor://xunit/VsTestRunner3/netcore/" className="NextTurn.IntegrationTests.Queue.StaffQueueDashboardIntegrationTests" name="ServeNext_WithWaitingEntries_MarksQueueHeadServed_AndWritesAuditLog" />
    </UnitTest>
    <UnitTest name="NextTurn.IntegrationTests.Queue.StaffQueueDashboardIntegrationTests.MarkNoShow_WithServingEntry_ClearsCurrentServing" storage="/home/miwesh/documents/projects/next-turn/tests/nextturn.integrationtests/bin/release/net10.0/nextturn.integrationtests.dll" id="1c4d2f01-b034-f750-092d-bc858bbc139b">
      <Execution id="00f6d834-4b21-4919-913f-213d6053c818" />
      <TestMethod codeBase="/home/miwesh/Documents/projects/next-turn/tests/NextTurn.IntegrationTests/bin/Release/net10.0/NextTurn.IntegrationTests.dll" adapterTypeName="executor://xunit/VsTestRunner3/netcore/" className="NextTurn.IntegrationTests.Queue.StaffQueueDashboardIntegrationTests" name="MarkNoShow_WithServingEntry_ClearsCurrentServing" />
    </UnitTest>
    <UnitTest name="NextTurn.IntegrationTests.Queue.StaffQueueDashboardIntegrationTests.Skip_WithReason_MarksQueueHeadNoShow_AndWritesAuditLog" storage="/home/miwesh/documents/projects/next-turn/tests/nextturn.integrationtests/bin/release/net10.0/nextturn.integrationtests.dll" id="d219f265-9244-9021-6227-29b2a046e0b5">
      <Execution id="9ab2b533-46f5-4fce-bda5-b2ed8d5db46c" />
      <TestMethod codeBase="/home/miwesh/Documents/projects/next-turn/tests/NextTurn.IntegrationTests/bin/Release/net10.0/NextTurn.IntegrationTests.dll" adapterTypeName="executor://xunit/VsTestRunner3/netcore/" className="NextTurn.IntegrationTests.Queue.StaffQueueDashboardIntegrationTests" name="Skip_WithReason_MarksQueueHeadNoShow_AndWritesAuditLog" />
    </UnitTest>
    <UnitTest name="NextTurn.IntegrationTests.Queue.StaffQueueDashboardIntegrationTests.MarkServed_WithServingEntry_ClearsCurrentServing" storage="/home/miwesh/documents/projects/next-turn/tests/nextturn.integrationtests/bin/release/net10.0/nextturn.integrationtests.dll" id="ae6e842a-7ead-fea9-8925-d14c0873d172">
      <Execution id="b291c328-374a-4b6e-b4e3-857f855d7875" />
      <TestMethod codeBase="/home/miwesh/Documents/projects/next-turn/tests/NextTurn.IntegrationTests/bin/Release/net10.0/NextTurn.IntegrationTests.dll" adapterTypeName="executor://xunit/VsTestRunner3/netcore/" className="NextTurn.IntegrationTests.Queue.StaffQueueDashboardIntegrationTests" name="MarkServed_WithServingEntry_ClearsCurrentServing" />
    </UnitTest>
    <UnitTest name="NextTurn.IntegrationTests.Appointment.AppointmentNotificationFlowIntegrationTests.CancelAppointment_WritesCancelledNotificationAuditLog" storage="/home/miwesh/documents/projects/next-turn/tests/nextturn.integrationtests/bin/release/net10.0/nextturn.integrationtests.dll" id="0f05c8a8-5d99-1aee-a59a-40980e0cd11a">
      <Execution id="e73b363c-a391-4801-8e95-05e908d94ee9" />
      <TestMethod codeBase="/home/miwesh/Documents/projects/next-turn/tests/NextTurn.IntegrationTests/bin/Release/net10.0/NextTurn.IntegrationTests.dll" adapterTypeName="executor://xunit/VsTestRunner3/netcore/" className="NextTurn.IntegrationTests.Appointment.AppointmentNotificationFlowIntegrationTests" name="CancelAppointment_WritesCancelledNotificationAuditLog" />
    </UnitTest>
    <UnitTest name="NextTurn.IntegrationTests.Queue.StaffQueueDashboardIntegrationTests.ServeNext_WhenNextUserWithinThreshold_WritesNotificationAuditLog" storage="/home/miwesh/documents/projects/next-turn/tests/nextturn.integrationtests/bin/release/net10.0/nextturn.integrationtests.dll" id="88778bb1-d858-1563-848d-956a3ade95cb">
      <Execution id="7041a907-8659-4992-b762-afc61e431f56" />
      <TestMethod codeBase="/home/miwesh/Documents/projects/next-turn/tests/NextTurn.IntegrationTests/bin/Release/net10.0/NextTurn.IntegrationTests.dll" adapterTypeName="executor://xunit/VsTestRunner3/netcore/" className="NextTurn.IntegrationTests.Queue.StaffQueueDashboardIntegrationTests" name="ServeNext_WhenNextUserWithinThreshold_WritesNotificationAuditLog" />
    </UnitTest>
    <UnitTest name="NextTurn.IntegrationTests.Queue.StaffQueueDashboardIntegrationTests.ServeNext_WhenUserPreferenceDisabled_DoesNotWriteNotificationAuditLog" storage="/home/miwesh/documents/projects/next-turn/tests/nextturn.integrationtests/bin/release/net10.0/nextturn.integrationtests.dll" id="887f97a2-7872-6641-bd66-d24af28ad631">
      <Execution id="d3695936-b6e4-4efb-8f28-23c1b190dc34" />
      <TestMethod codeBase="/home/miwesh/Documents/projects/next-turn/tests/NextTurn.IntegrationTests/bin/Release/net10.0/NextTurn.IntegrationTests.dll" adapterTypeName="executor://xunit/VsTestRunner3/netcore/" className="NextTurn.IntegrationTests.Queue.StaffQueueDashboardIntegrationTests" name="ServeNext_WhenUserPreferenceDisabled_DoesNotWriteNotificationAuditLog" />
    </UnitTest>
    <UnitTest name="NextTurn.IntegrationTests.Queue.StaffQueueDashboardIntegrationTests.CallNext_WithWaitingEntries_SetsFirstTicketAsServing" storage="/home/miwesh/documents/projects/next-turn/tests/nextturn.integrationtests/bin/release/net10.0/nextturn.integrationtests.dll" id="5ece24a7-de05-f8cc-44c4-f9f910fc99ea">
      <Execution id="3f2989cf-5947-4b7a-baef-19b9c21886e3" />
      <TestMethod codeBase="/home/miwesh/Documents/projects/next-turn/tests/NextTurn.IntegrationTests/bin/Release/net10.0/NextTurn.IntegrationTests.dll" adapterTypeName="executor://xunit/VsTestRunner3/netcore/" className="NextTurn.IntegrationTests.Queue.StaffQueueDashboardIntegrationTests" name="CallNext_WithWaitingEntries_SetsFirstTicketAsServing" />
    </UnitTest>
    <UnitTest name="NextTurn.IntegrationTests.Appointment.AppointmentNotificationFlowIntegrationTests.RescheduleAppointment_WritesRescheduledNotificationAuditLog" storage="/home/miwesh/documents/projects/next-turn/tests/nextturn.integrationtests/bin/release/net10.0/nextturn.integrationtests.dll" id="ae09a7fe-b973-1bd4-90a4-17ec29507df4">
      <Execution id="4d5c3e52-8023-4283-b05e-3f598439d405" />
      <TestMethod codeBase="/home/miwesh/Documents/projects/next-turn/tests/NextTurn.IntegrationTests/bin/Release/net10.0/NextTurn.IntegrationTests.dll" adapterTypeName="executor://xunit/VsTestRunner3/netcore/" className="NextTurn.IntegrationTests.Appointment.AppointmentNotificationFlowIntegrationTests" name="RescheduleAppointment_WritesRescheduledNotificationAuditLog" />
    </UnitTest>
    <UnitTest name="NextTurn.IntegrationTests.Queue.StaffQueueDashboardIntegrationTests.CallNext_ThenMarkServed_PersistsServingToServedTransitionInDatabase" storage="/home/miwesh/documents/projects/next-turn/tests/nextturn.integrationtests/bin/release/net10.0/nextturn.integrationtests.dll" id="f7e1c641-e858-950a-edef-122e99ccbe50">
      <Execution id="d2236157-1803-4e24-adb6-bd9a797d7799" />
      <TestMethod codeBase="/home/miwesh/Documents/projects/next-turn/tests/NextTurn.IntegrationTests/bin/Release/net10.0/NextTurn.IntegrationTests.dll" adapterTypeName="executor://xunit/VsTestRunner3/netcore/" className="NextTurn.IntegrationTests.Queue.StaffQueueDashboardIntegrationTests" name="CallNext_ThenMarkServed_PersistsServingToServedTransitionInDatabase" />
    </UnitTest>
    <UnitTest name="NextTurn.IntegrationTests.Queue.StaffQueueDashboardIntegrationTests.CallNext_WithUserRole_Returns403Forbidden" storage="/home/miwesh/documents/projects/next-turn/tests/nextturn.integrationtests/bin/release/net10.0/nextturn.integrationtests.dll" id="0c4f4bb4-5c70-6c5b-5dec-c559a3775d19">
      <Execution id="648923a3-dfca-4d74-88c7-76edd60ca17f" />
      <TestMethod codeBase="/home/miwesh/Documents/projects/next-turn/tests/NextTurn.IntegrationTests/bin/Release/net10.0/NextTurn.IntegrationTests.dll" adapterTypeName="executor://xunit/VsTestRunner3/netcore/" className="NextTurn.IntegrationTests.Queue.StaffQueueDashboardIntegrationTests" name="CallNext_WithUserRole_Returns403Forbidden" />
    </UnitTest>
  </TestDefinitions>
  <TestEntries>
    <TestEntry testId="d219f265-9244-9021-6227-29b2a046e0b5" executionId="9ab2b533-46f5-4fce-bda5-b2ed8d5db46c" testListId="8c84fa94-04c1-424b-9868-57a2d4851a1d" />
    <TestEntry testId="1c4d2f01-b034-f750-092d-bc858bbc139b" executionId="00f6d834-4b21-4919-913f-213d6053c818" testListId="8c84fa94-04c1-424b-9868-57a2d4851a1d" />
    <TestEntry testId="22ece6fc-e2e6-e68c-5c86-c441c9eabbdc" executionId="edd8a98f-a3b0-434d-8cc7-4ff78bf28117" testListId="8c84fa94-04c1-424b-9868-57a2d4851a1d" />
    <TestEntry testId="0f05c8a8-5d99-1aee-a59a-40980e0cd11a" executionId="e73b363c-a391-4801-8e95-05e908d94ee9" testListId="8c84fa94-04c1-424b-9868-57a2d4851a1d" />
    <TestEntry testId="88778bb1-d858-1563-848d-956a3ade95cb" executionId="7041a907-8659-4992-b762-afc61e431f56" testListId="8c84fa94-04c1-424b-9868-57a2d4851a1d" />
    <TestEntry testId="5ece24a7-de05-f8cc-44c4-f9f910fc99ea" executionId="3f2989cf-5947-4b7a-baef-19b9c21886e3" testListId="8c84fa94-04c1-424b-9868-57a2d4851a1d" />
    <TestEntry testId="f7e1c641-e858-950a-edef-122e99ccbe50" executionId="d2236157-1803-4e24-adb6-bd9a797d7799" testListId="8c84fa94-04c1-424b-9868-57a2d4851a1d" />
    <TestEntry testId="0c4f4bb4-5c70-6c5b-5dec-c559a3775d19" executionId="648923a3-dfca-4d74-88c7-76edd60ca17f" testListId="8c84fa94-04c1-424b-9868-57a2d4851a1d" />
    <TestEntry testId="ae09a7fe-b973-1bd4-90a4-17ec29507df4" executionId="4d5c3e52-8023-4283-b05e-3f598439d405" testListId="8c84fa94-04c1-424b-9868-57a2d4851a1d" />
    <TestEntry testId="ae6e842a-7ead-fea9-8925-d14c0873d172" executionId="b291c328-374a-4b6e-b4e3-857f855d7875" testListId="8c84fa94-04c1-424b-9868-57a2d4851a1d" />
    <TestEntry testId="3d6398e4-82ba-b625-c1e1-6a22262b6ce8" executionId="3240caaf-29b4-4c78-b381-b906ef200a13" testListId="8c84fa94-04c1-424b-9868-57a2d4851a1d" />
    <TestEntry testId="887f97a2-7872-6641-bd66-d24af28ad631" executionId="d3695936-b6e4-4efb-8f28-23c1b190dc34" testListId="8c84fa94-04c1-424b-9868-57a2d4851a1d" />
    <TestEntry testId="263cecc9-b7b5-f5ac-c392-6e8892cfac8a" executionId="3b667d84-2a97-47bf-9f2b-587c5245ca90" testListId="8c84fa94-04c1-424b-9868-57a2d4851a1d" />
    <TestEntry testId="f5abc73f-4fdb-ac11-b49b-5ea1cc4dca95" executionId="7a373014-bcf6-4cd7-9dcb-9c44151a41a2" testListId="8c84fa94-04c1-424b-9868-57a2d4851a1d" />
  </TestEntries>
  <TestLists>
    <TestList name="Results Not in a List" id="8c84fa94-04c1-424b-9868-57a2d4851a1d" />
    <TestList name="All Loaded Results" id="19431567-8539-422a-85d7-44ee4e166bda" />
  </TestLists>
  <ResultSummary outcome="Failed">
    <Counters total="14" executed="14" passed="8" failed="6" error="0" timeout="0" aborted="0" inconclusive="0" passedButRunAborted="0" notRunnable="0" notExecuted="0" disconnected="0" warning="0" completed="0" inProgress="0" pending="0" />
    <Output>
      <StdOut>[xUnit.net 00:00:00.00] xUnit.net VSTest Adapter v3.1.4+50e68bbb8b (64-bit .NET 10.0.5)
[xUnit.net 00:00:00.10]   Discovering: NextTurn.IntegrationTests
[xUnit.net 00:00:00.21]   Discovered:  NextTurn.IntegrationTests
[xUnit.net 00:00:00.23]   Starting:    NextTurn.IntegrationTests
[testcontainers.org 00:00:00.10] Connected to Docker:
  Host: unix:///var/run/docker.sock
  Server Version: 20.10.24+dfsg1
  Kernel Version: 6.1.0-44-amd64
  API Version: 1.41
  Operating System: Debian GNU/Linux 12 (bookworm)
  Total Memory: 7.45 GB
[testcontainers.org 00:00:00.23] Docker container 50325d797c8d created
[testcontainers.org 00:00:00.32] Start Docker container 50325d797c8d
[testcontainers.org 00:00:00.66] Wait for Docker container 50325d797c8d to complete readiness checks
[testcontainers.org 00:00:00.66] Docker container 50325d797c8d ready
[testcontainers.org 00:00:00.70] Docker container 9187865beb7b created
[testcontainers.org 00:00:00.71] Start Docker container 9187865beb7b
[testcontainers.org 00:00:01.03] Wait for Docker container 9187865beb7b to complete readiness checks
[testcontainers.org 00:00:01.03] Execute "/bin/sh -c find /opt/mssql-tools*/bin/sqlcmd -type f -print -quit" at Docker container 9187865beb7b
[testcontainers.org 00:00:01.13] Execute "/opt/mssql-tools18/bin/sqlcmd -C -Q SELECT 1;" at Docker container 9187865beb7b
[testcontainers.org 00:00:06.78] Docker container 9187865beb7b ready
info: Microsoft.Hosting.Lifetime[0]
      Application started. Press Ctrl+C to shut down.
info: Microsoft.Hosting.Lifetime[0]
      Hosting environment: Testing
info: Microsoft.Hosting.Lifetime[0]
      Content root path: /home/miwesh/Documents/projects/next-turn/src/NextTurn.API
warn: Microsoft.EntityFrameworkCore.Model.Validation[20601]
      The 'AppointmentStatus' property 'Status' on entity type 'Appointment' is configured with a database-generated default, but has no configured sentinel value. The database-generated default will always be used for inserts when the property has the value 'Pending', since this is the CLR default for the 'AppointmentStatus' type. Consider using a nullable type, using a nullable backing field, or setting the sentinel value for the property to ensure the database default is used when, and only when, appropriate. See https://aka.ms/efcore-docs-default-values for more information.
info: Microsoft.EntityFrameworkCore.Database.Command[20101]
      Executed DbCommand (31ms) [Parameters=[], CommandType='Text', CommandTimeout='30']
      SELECT 1
info: Microsoft.EntityFrameworkCore.Database.Command[20101]
      Executed DbCommand (66ms) [Parameters=[], CommandType='Text', CommandTimeout='30']
      IF EXISTS
          (SELECT *
           FROM [sys].[objects] o
           WHERE [o].[type] = 'U'
           AND [o].[is_ms_shipped] = 0
           AND NOT EXISTS (SELECT *
               FROM [sys].[extended_properties] AS [ep]
               WHERE [ep].[major_id] = [o].[object_id]
                   AND [ep].[minor_id] = 0
                   AND [ep].[class] = 1
                   AND [ep].[name] = N'microsoft_database_tools_support'
          )
      )
      SELECT 1 ELSE SELECT 0
info: Microsoft.EntityFrameworkCore.Database.Command[20101]
      Executed DbCommand (3ms) [Parameters=[], CommandType='Text', CommandTimeout='30']
      CREATE TABLE [AppointmentProfiles] (
          [Id] uniqueidentifier NOT NULL,
          [OrganisationId] uniqueidentifier NOT NULL,
          [Name] nvarchar(120) NOT NULL,
          [IsActive] bit NOT NULL DEFAULT CAST(1 AS bit),
          [ShareableLink] nvarchar(300) NOT NULL,
          CONSTRAINT [PK_AppointmentProfiles] PRIMARY KEY ([Id])
      );
info: Microsoft.EntityFrameworkCore.Database.Command[20101]
      Executed DbCommand (2ms) [Parameters=[], CommandType='Text', CommandTimeout='30']
      CREATE TABLE [AppointmentProfileStaffAssignments] (
          [Id] uniqueidentifier NOT NULL,
          [OrganisationId] uniqueidentifier NOT NULL,
          [AppointmentProfileId] uniqueidentifier NOT NULL,
          [StaffUserId] uniqueidentifier NOT NULL,
          [CreatedAt] datetimeoffset NOT NULL,
          CONSTRAINT [PK_AppointmentProfileStaffAssignments] PRIMARY KEY ([Id])
      );
info: Microsoft.EntityFrameworkCore.Database.Command[20101]
      Executed DbCommand (2ms) [Parameters=[], CommandType='Text', CommandTimeout='30']
      CREATE TABLE [Appointments] (
          [Id] uniqueidentifier NOT NULL,
          [OrganisationId] uniqueidentifier NOT NULL,
          [AppointmentProfileId] uniqueidentifier NOT NULL,
          [UserId] uniqueidentifier NOT NULL,
          [SlotStart] datetimeoffset NOT NULL,
          [SlotEnd] datetimeoffset NOT NULL,
          [Status] nvarchar(20) NOT NULL DEFAULT N'Confirmed',
          [LateCancellation] bit NOT NULL DEFAULT CAST(0 AS bit),
          CONSTRAINT [PK_Appointments] PRIMARY KEY ([Id])
      );
info: Microsoft.EntityFrameworkCore.Database.Command[20101]
      Executed DbCommand (2ms) [Parameters=[], CommandType='Text', CommandTimeout='30']
      CREATE TABLE [AppointmentScheduleRules] (
          [Id] uniqueidentifier NOT NULL,
          [OrganisationId] uniqueidentifier NOT NULL,
          [AppointmentProfileId] uniqueidentifier NOT NULL,
          [DayOfWeek] int NOT NULL,
          [IsEnabled] bit NOT NULL,
          [StartTime] time NOT NULL,
          [EndTime] time NOT NULL,
          [SlotDurationMinutes] int NOT NULL,
          CONSTRAINT [PK_AppointmentScheduleRules] PRIMARY KEY ([Id])
      );
info: Microsoft.EntityFrameworkCore.Database.Command[20101]
      Executed DbCommand (4ms) [Parameters=[], CommandType='Text', CommandTimeout='30']
      CREATE TABLE [Offices] (
          [Id] uniqueidentifier NOT NULL,
          [OrganisationId] uniqueidentifier NOT NULL,
          [Name] nvarchar(120) NOT NULL,
          [Address] nvarchar(300) NOT NULL,
          [Latitude] decimal(9,6) NULL,
          [Longitude] decimal(9,6) NULL,
          [OpeningHours] nvarchar(4000) NOT NULL,
          [IsActive] bit NOT NULL DEFAULT CAST(1 AS bit),
          [DeactivatedAt] datetimeoffset NULL,
          [CreatedAt] datetimeoffset NOT NULL,
          [UpdatedAt] datetimeoffset NOT NULL,
          CONSTRAINT [PK_Offices] PRIMARY KEY ([Id]),
          CONSTRAINT [AK_Offices_OrganisationId_Id] UNIQUE ([OrganisationId], [Id])
      );
info: Microsoft.EntityFrameworkCore.Database.Command[20101]
      Executed DbCommand (3ms) [Parameters=[], CommandType='Text', CommandTimeout='30']
      CREATE TABLE [Organisations] (
          [Id] uniqueidentifier NOT NULL,
          [Name] nvarchar(200) NOT NULL,
          [Slug] nvarchar(64) NOT NULL,
          [AddressLine1] nvarchar(300) NOT NULL,
          [AddressCity] nvarchar(100) NOT NULL,
          [AddressPostalCode] nvarchar(20) NOT NULL,
          [AddressCountry] nvarchar(100) NOT NULL,
          [Type] nvarchar(30) NOT NULL,
          [Status] nvarchar(30) NOT NULL DEFAULT N'PendingApproval',
          [AdminEmail] nvarchar(254) NOT NULL,
          [QueueNotificationThreshold] int NOT NULL DEFAULT 3,
          [CreatedAt] datetimeoffset NOT NULL,
          CONSTRAINT [PK_Organisations] PRIMARY KEY ([Id])
      );
info: Microsoft.EntityFrameworkCore.Database.Command[20101]
      Executed DbCommand (2ms) [Parameters=[], CommandType='Text', CommandTimeout='30']
      CREATE TABLE [Queues] (
          [Id] uniqueidentifier NOT NULL,
          [OrganisationId] uniqueidentifier NOT NULL,
          [Name] nvarchar(200) NOT NULL,
          [MaxCapacity] int NOT NULL,
          [AverageServiceTimeSeconds] int NOT NULL,
          [Status] nvarchar(20) NOT NULL DEFAULT N'Active',
          [CreatedAt] datetimeoffset NOT NULL,
          CONSTRAINT [PK_Queues] PRIMARY KEY ([Id])
      );
info: Microsoft.EntityFrameworkCore.Database.Command[20101]
      Executed DbCommand (2ms) [Parameters=[], CommandType='Text', CommandTimeout='30']
      CREATE TABLE [QueueStaffAssignments] (
          [Id] uniqueidentifier NOT NULL,
          [OrganisationId] uniqueidentifier NOT NULL,
          [QueueId] uniqueidentifier NOT NULL,
          [StaffUserId] uniqueidentifier NOT NULL,
          [CreatedAt] datetimeoffset NOT NULL,
          CONSTRAINT [PK_QueueStaffAssignments] PRIMARY KEY ([Id])
      );
info: Microsoft.EntityFrameworkCore.Database.Command[20101]
      Executed DbCommand (2ms) [Parameters=[], CommandType='Text', CommandTimeout='30']
      CREATE TABLE [Services] (
          [Id] uniqueidentifier NOT NULL,
          [OrganisationId] uniqueidentifier NOT NULL,
          [Name] nvarchar(120) NOT NULL,
          [Code] nvarchar(40) NOT NULL,
          [Description] nvarchar(500) NOT NULL,
          [EstimatedDurationMinutes] int NOT NULL,
          [IsActive] bit NOT NULL,
          [DeactivatedAt] datetimeoffset NULL,
          [CreatedAt] datetimeoffset NOT NULL,
          [UpdatedAt] datetimeoffset NOT NULL,
          CONSTRAINT [PK_Services] PRIMARY KEY ([Id]),
          CONSTRAINT [AK_Services_OrganisationId_Id] UNIQUE ([OrganisationId], [Id])
      );
info: Microsoft.EntityFrameworkCore.Database.Command[20101]
      Executed DbCommand (3ms) [Parameters=[], CommandType='Text', CommandTimeout='30']
      CREATE TABLE [UserInAppNotifications] (
          [Id] uniqueidentifier NOT NULL,
          [OrganisationId] uniqueidentifier NOT NULL,
          [UserId] uniqueidentifier NOT NULL,
          [NotificationType] nvarchar(50) NOT NULL,
          [Title] nvarchar(120) NOT NULL,
          [Message] nvarchar(500) NOT NULL,
          [IsRead] bit NOT NULL DEFAULT CAST(0 AS bit),
          [CreatedAt] datetimeoffset NOT NULL,
          [ReadAt] datetimeoffset NULL,
          [QueueId] uniqueidentifier NULL,
          [QueueEntryId] uniqueidentifier NULL,
          CONSTRAINT [PK_UserInAppNotifications] PRIMARY KEY ([Id])
      );
info: Microsoft.EntityFrameworkCore.Database.Command[20101]
      Executed DbCommand (5ms) [Parameters=[], CommandType='Text', CommandTimeout='30']
      CREATE TABLE [Users] (
          [Id] uniqueidentifier NOT NULL,
          [TenantId] uniqueidentifier NOT NULL,
          [Name] nvarchar(100) NOT NULL,
          [Email] nvarchar(254) NOT NULL,
          [Phone] nvarchar(20) NULL,
          [CreatedAt] datetimeoffset NOT NULL,
          [PasswordHash] nvarchar(255) NOT NULL,
          [IsActive] bit NOT NULL DEFAULT CAST(1 AS bit),
          [CounterName] nvarchar(80) NULL,
          [ShiftStart] time NULL,
          [ShiftEnd] time NULL,
          [Role] nvarchar(20) NOT NULL DEFAULT N'User',
          [FailedLoginAttempts] int NOT NULL DEFAULT 0,
          [LockoutUntil] datetimeoffset NULL,
          [MfaEnabled] bit NOT NULL DEFAULT CAST(0 AS bit),
          [QueueTurnApproachingNotificationsEnabled] bit NOT NULL DEFAULT CAST(1 AS bit),
          [AppointmentBookedNotificationsEnabled] bit NOT NULL DEFAULT CAST(1 AS bit),
          [AppointmentRescheduledNotificationsEnabled] bit NOT NULL DEFAULT CAST(1 AS bit),
          [AppointmentCancelledNotificationsEnabled] bit NOT NULL DEFAULT CAST(1 AS bit),
          [StaffInviteTokenHash] nvarchar(128) NULL,
          [StaffInviteExpiresAt] datetimeoffset NULL,
          CONSTRAINT [PK_Users] PRIMARY KEY ([Id]),
          CONSTRAINT [AK_Users_TenantId_Id] UNIQUE ([TenantId], [Id])
      );
info: Microsoft.EntityFrameworkCore.Database.Command[20101]
      Executed DbCommand (2ms) [Parameters=[], CommandType='Text', CommandTimeout='30']
      CREATE TABLE [QueueEntries] (
          [Id] uniqueidentifier NOT NULL,
          [QueueId] uniqueidentifier NOT NULL,
          [UserId] uniqueidentifier NOT NULL,
          [TicketNumber] int NOT NULL,
          [Status] nvarchar(20) NOT NULL DEFAULT N'Waiting',
          [JoinedAt] datetimeoffset NOT NULL,
          CONSTRAINT [PK_QueueEntries] PRIMARY KEY ([Id]),
          CONSTRAINT [FK_QueueEntries_Queues_QueueId] FOREIGN KEY ([QueueId]) REFERENCES [Queues] ([Id]) ON DELETE CASCADE
      );
info: Microsoft.EntityFrameworkCore.Database.Command[20101]
      Executed DbCommand (3ms) [Parameters=[], CommandType='Text', CommandTimeout='30']
      CREATE TABLE [ServiceOfficeAssignments] (
          [ServiceId] uniqueidentifier NOT NULL,
          [OfficeId] uniqueidentifier NOT NULL,
          [OrganisationId] uniqueidentifier NOT NULL,
          [CreatedAt] datetimeoffset NOT NULL,
          CONSTRAINT [PK_ServiceOfficeAssignments] PRIMARY KEY ([OrganisationId], [ServiceId], [OfficeId]),
          CONSTRAINT [FK_ServiceOfficeAssignments_Offices_OrganisationId_OfficeId] FOREIGN KEY ([OrganisationId], [OfficeId]) REFERENCES [Offices] ([OrganisationId], [Id]) ON DELETE NO ACTION,
          CONSTRAINT [FK_ServiceOfficeAssignments_Services_OrganisationId_ServiceId] FOREIGN KEY ([OrganisationId], [ServiceId]) REFERENCES [Services] ([OrganisationId], [Id]) ON DELETE CASCADE
      );
info: Microsoft.EntityFrameworkCore.Database.Command[20101]
      Executed DbCommand (3ms) [Parameters=[], CommandType='Text', CommandTimeout='30']
      CREATE TABLE [AppointmentNotificationAuditLogs] (
          [Id] uniqueidentifier NOT NULL,
          [OrganisationId] uniqueidentifier NOT NULL,
          [AppointmentId] uniqueidentifier NOT NULL,
          [UserId] uniqueidentifier NOT NULL,
          [NotificationType] nvarchar(20) NOT NULL,
          [DeliveryStatus] nvarchar(20) NOT NULL,
          [RecipientEmail] nvarchar(254) NOT NULL,
          [SlotStart] datetimeoffset NOT NULL,
          [SlotEnd] datetimeoffset NOT NULL,
          [OfficeName] nvarchar(200) NOT NULL,
          [ServiceName] nvarchar(200) NOT NULL,
          [ErrorMessage] nvarchar(500) NULL,
          [CreatedAt] datetimeoffset NOT NULL,
          CONSTRAINT [PK_AppointmentNotificationAuditLogs] PRIMARY KEY ([Id]),
          CONSTRAINT [FK_AppointmentNotificationAuditLogs_Appointments_AppointmentId] FOREIGN KEY ([AppointmentId]) REFERENCES [Appointments] ([Id]) ON DELETE NO ACTION,
          CONSTRAINT [FK_AppointmentNotificationAuditLogs_Users_UserId] FOREIGN KEY ([UserId]) REFERENCES [Users] ([Id]) ON DELETE NO ACTION
      );
info: Microsoft.EntityFrameworkCore.Database.Command[20101]
      Executed DbCommand (2ms) [Parameters=[], CommandType='Text', CommandTimeout='30']
      CREATE TABLE [StaffOfficeAssignments] (
          [OrganisationId] uniqueidentifier NOT NULL,
          [StaffUserId] uniqueidentifier NOT NULL,
          [OfficeId] uniqueidentifier NOT NULL,
          [CreatedAt] datetimeoffset NOT NULL,
          CONSTRAINT [PK_StaffOfficeAssignments] PRIMARY KEY ([OrganisationId], [StaffUserId], [OfficeId]),
          CONSTRAINT [FK_StaffOfficeAssignments_Offices_OrganisationId_OfficeId] FOREIGN KEY ([OrganisationId], [OfficeId]) REFERENCES [Offices] ([OrganisationId], [Id]) ON DELETE NO ACTION,
          CONSTRAINT [FK_StaffOfficeAssignments_Users_OrganisationId_StaffUserId] FOREIGN KEY ([OrganisationId], [StaffUserId]) REFERENCES [Users] ([TenantId], [Id]) ON DELETE CASCADE
      );
info: Microsoft.EntityFrameworkCore.Database.Command[20101]
      Executed DbCommand (3ms) [Parameters=[], CommandType='Text', CommandTimeout='30']
      CREATE TABLE [QueueActionAuditLogs] (
          [Id] uniqueidentifier NOT NULL,
          [OrganisationId] uniqueidentifier NOT NULL,
          [QueueId] uniqueidentifier NOT NULL,
          [QueueEntryId] uniqueidentifier NOT NULL,
          [PerformedByUserId] uniqueidentifier NOT NULL,
          [ActionType] nvarchar(20) NOT NULL,
          [CreatedAt] datetimeoffset NOT NULL,
          [Reason] nvarchar(200) NULL,
          CONSTRAINT [PK_QueueActionAuditLogs] PRIMARY KEY ([Id]),
          CONSTRAINT [FK_QueueActionAuditLogs_QueueEntries_QueueEntryId] FOREIGN KEY ([QueueEntryId]) REFERENCES [QueueEntries] ([Id]) ON DELETE NO ACTION,
          CONSTRAINT [FK_QueueActionAuditLogs_Queues_QueueId] FOREIGN KEY ([QueueId]) REFERENCES [Queues] ([Id]) ON DELETE NO ACTION,
          CONSTRAINT [FK_QueueActionAuditLogs_Users_PerformedByUserId] FOREIGN KEY ([PerformedByUserId]) REFERENCES [Users] ([Id]) ON DELETE NO ACTION
      );
info: Microsoft.EntityFrameworkCore.Database.Command[20101]
      Executed DbCommand (3ms) [Parameters=[], CommandType='Text', CommandTimeout='30']
      CREATE TABLE [QueueTurnNotificationAuditLogs] (
          [Id] uniqueidentifier NOT NULL,
          [OrganisationId] uniqueidentifier NOT NULL,
          [QueueId] uniqueidentifier NOT NULL,
          [QueueEntryId] uniqueidentifier NOT NULL,
          [UserId] uniqueidentifier NOT NULL,
          [PositionInQueue] int NOT NULL,
          [Threshold] int NOT NULL,
          [DeliveryStatus] nvarchar(20) NOT NULL,
          [ErrorMessage] nvarchar(500) NULL,
          [CreatedAt] datetimeoffset NOT NULL,
          CONSTRAINT [PK_QueueTurnNotificationAuditLogs] PRIMARY KEY ([Id]),
          CONSTRAINT [FK_QueueTurnNotificationAuditLogs_QueueEntries_QueueEntryId] FOREIGN KEY ([QueueEntryId]) REFERENCES [QueueEntries] ([Id]) ON DELETE NO ACTION,
          CONSTRAINT [FK_QueueTurnNotificationAuditLogs_Queues_QueueId] FOREIGN KEY ([QueueId]) REFERENCES [Queues] ([Id]) ON DELETE NO ACTION,
          CONSTRAINT [FK_QueueTurnNotificationAuditLogs_Users_UserId] FOREIGN KEY ([UserId]) REFERENCES [Users] ([Id]) ON DELETE NO ACTION
      );
info: Microsoft.EntityFrameworkCore.Database.Command[20101]
      Executed DbCommand (1ms) [Parameters=[], CommandType='Text', CommandTimeout='30']
      CREATE INDEX [IX_AppointmentNotificationAuditLogs_Appointment_Type_Status] ON [AppointmentNotificationAuditLogs] ([AppointmentId], [NotificationType], [DeliveryStatus]);
info: Microsoft.EntityFrameworkCore.Database.Command[20101]
      Executed DbCommand (2ms) [Parameters=[], CommandType='Text', CommandTimeout='30']
      CREATE INDEX [IX_AppointmentNotificationAuditLogs_Organisation_CreatedAt] ON [AppointmentNotificationAuditLogs] ([OrganisationId], [CreatedAt]);
info: Microsoft.EntityFrameworkCore.Database.Command[20101]
      Executed DbCommand (1ms) [Parameters=[], CommandType='Text', CommandTimeout='30']
      CREATE INDEX [IX_AppointmentNotificationAuditLogs_UserId] ON [AppointmentNotificationAuditLogs] ([UserId]);
info: Microsoft.EntityFrameworkCore.Database.Command[20101]
      Executed DbCommand (1ms) [Parameters=[], CommandType='Text', CommandTimeout='30']
      CREATE INDEX [IX_AppointmentProfiles_OrganisationId] ON [AppointmentProfiles] ([OrganisationId]);
info: Microsoft.EntityFrameworkCore.Database.Command[20101]
      Executed DbCommand (2ms) [Parameters=[], CommandType='Text', CommandTimeout='30']
      CREATE UNIQUE INDEX [UX_AppointmentProfiles_OrganisationId_Name] ON [AppointmentProfiles] ([OrganisationId], [Name]);
info: Microsoft.EntityFrameworkCore.Database.Command[20101]
      Executed DbCommand (2ms) [Parameters=[], CommandType='Text', CommandTimeout='30']
      CREATE INDEX [IX_AppointmentProfileStaffAssignments_OrganisationId] ON [AppointmentProfileStaffAssignments] ([OrganisationId]);
info: Microsoft.EntityFrameworkCore.Database.Command[20101]
      Executed DbCommand (1ms) [Parameters=[], CommandType='Text', CommandTimeout='30']
      CREATE UNIQUE INDEX [UX_AppointmentProfileStaffAssignments_ProfileId_StaffUserId] ON [AppointmentProfileStaffAssignments] ([AppointmentProfileId], [StaffUserId]);
info: Microsoft.EntityFrameworkCore.Database.Command[20101]
      Executed DbCommand (1ms) [Parameters=[], CommandType='Text', CommandTimeout='30']
      CREATE INDEX [IX_Appointments_OrganisationId_ProfileId_SlotStart] ON [Appointments] ([OrganisationId], [AppointmentProfileId], [SlotStart]);
info: Microsoft.EntityFrameworkCore.Database.Command[20101]
      Executed DbCommand (1ms) [Parameters=[], CommandType='Text', CommandTimeout='30']
      CREATE UNIQUE INDEX [UX_Appointments_OrganisationId_ProfileId_SlotStart_SlotEnd_Active] ON [Appointments] ([OrganisationId], [AppointmentProfileId], [SlotStart], [SlotEnd]) WHERE [Status] &lt;&gt; 'Cancelled' AND [Status] &lt;&gt; 'Rescheduled';
info: Microsoft.EntityFrameworkCore.Database.Command[20101]
      Executed DbCommand (1ms) [Parameters=[], CommandType='Text', CommandTimeout='30']
      CREATE UNIQUE INDEX [UX_AppointmentScheduleRules_OrganisationId_ProfileId_DayOfWeek] ON [AppointmentScheduleRules] ([OrganisationId], [AppointmentProfileId], [DayOfWeek]);
info: Microsoft.EntityFrameworkCore.Database.Command[20101]
      Executed DbCommand (1ms) [Parameters=[], CommandType='Text', CommandTimeout='30']
      CREATE INDEX [IX_Offices_OrganisationId_IsActive] ON [Offices] ([OrganisationId], [IsActive]);
info: Microsoft.EntityFrameworkCore.Database.Command[20101]
      Executed DbCommand (1ms) [Parameters=[], CommandType='Text', CommandTimeout='30']
      CREATE INDEX [IX_Offices_OrganisationId_Name] ON [Offices] ([OrganisationId], [Name]);
info: Microsoft.EntityFrameworkCore.Database.Command[20101]
      Executed DbCommand (1ms) [Parameters=[], CommandType='Text', CommandTimeout='30']
      CREATE UNIQUE INDEX [IX_Organisations_Name] ON [Organisations] ([Name]);
info: Microsoft.EntityFrameworkCore.Database.Command[20101]
      Executed DbCommand (1ms) [Parameters=[], CommandType='Text', CommandTimeout='30']
      CREATE UNIQUE INDEX [IX_Organisations_Slug] ON [Organisations] ([Slug]);
info: Microsoft.EntityFrameworkCore.Database.Command[20101]
      Executed DbCommand (1ms) [Parameters=[], CommandType='Text', CommandTimeout='30']
      CREATE INDEX [IX_QueueActionAuditLogs_PerformedByUserId] ON [QueueActionAuditLogs] ([PerformedByUserId]);
info: Microsoft.EntityFrameworkCore.Database.Command[20101]
      Executed DbCommand (1ms) [Parameters=[], CommandType='Text', CommandTimeout='30']
      CREATE INDEX [IX_QueueActionAuditLogs_QueueEntryId] ON [QueueActionAuditLogs] ([QueueEntryId]);
info: Microsoft.EntityFrameworkCore.Database.Command[20101]
      Executed DbCommand (1ms) [Parameters=[], CommandType='Text', CommandTimeout='30']
      CREATE INDEX [IX_QueueActionAuditLogs_QueueId_CreatedAt] ON [QueueActionAuditLogs] ([QueueId], [CreatedAt]);
info: Microsoft.EntityFrameworkCore.Database.Command[20101]
      Executed DbCommand (2ms) [Parameters=[], CommandType='Text', CommandTimeout='30']
      CREATE INDEX [IX_QueueEntries_QueueId_Status] ON [QueueEntries] ([QueueId], [Status]);
info: Microsoft.EntityFrameworkCore.Database.Command[20101]
      Executed DbCommand (1ms) [Parameters=[], CommandType='Text', CommandTimeout='30']
      CREATE INDEX [IX_QueueEntries_QueueId_UserId] ON [QueueEntries] ([QueueId], [UserId]);
info: Microsoft.EntityFrameworkCore.Database.Command[20101]
      Executed DbCommand (2ms) [Parameters=[], CommandType='Text', CommandTimeout='30']
      CREATE UNIQUE INDEX [UX_QueueEntries_QueueId_OneServing] ON [QueueEntries] ([QueueId]) WHERE [Status] = 'Serving';
info: Microsoft.EntityFrameworkCore.Database.Command[20101]
      Executed DbCommand (1ms) [Parameters=[], CommandType='Text', CommandTimeout='30']
      CREATE INDEX [IX_Queues_OrganisationId] ON [Queues] ([OrganisationId]);
info: Microsoft.EntityFrameworkCore.Database.Command[20101]
      Executed DbCommand (1ms) [Parameters=[], CommandType='Text', CommandTimeout='30']
      CREATE INDEX [IX_QueueStaffAssignments_OrganisationId] ON [QueueStaffAssignments] ([OrganisationId]);
info: Microsoft.EntityFrameworkCore.Database.Command[20101]
      Executed DbCommand (2ms) [Parameters=[], CommandType='Text', CommandTimeout='30']
      CREATE UNIQUE INDEX [UX_QueueStaffAssignments_QueueId_StaffUserId] ON [QueueStaffAssignments] ([QueueId], [StaffUserId]);
info: Microsoft.EntityFrameworkCore.Database.Command[20101]
      Executed DbCommand (2ms) [Parameters=[], CommandType='Text', CommandTimeout='30']
      CREATE INDEX [IX_QueueTurnNotificationAuditLogs_QueueId_CreatedAt] ON [QueueTurnNotificationAuditLogs] ([QueueId], [CreatedAt]);
info: Microsoft.EntityFrameworkCore.Database.Command[20101]
      Executed DbCommand (2ms) [Parameters=[], CommandType='Text', CommandTimeout='30']
      CREATE INDEX [IX_QueueTurnNotificationAuditLogs_UserId] ON [QueueTurnNotificationAuditLogs] ([UserId]);
info: Microsoft.EntityFrameworkCore.Database.Command[20101]
      Executed DbCommand (1ms) [Parameters=[], CommandType='Text', CommandTimeout='30']
      CREATE UNIQUE INDEX [UX_QueueTurnNotificationAuditLogs_QueueEntry_User_Status] ON [QueueTurnNotificationAuditLogs] ([QueueEntryId], [UserId], [DeliveryStatus]);
info: Microsoft.EntityFrameworkCore.Database.Command[20101]
      Executed DbCommand (2ms) [Parameters=[], CommandType='Text', CommandTimeout='30']
      CREATE INDEX [IX_ServiceOfficeAssignments_OrganisationId_OfficeId] ON [ServiceOfficeAssignments] ([OrganisationId], [OfficeId]);
info: Microsoft.EntityFrameworkCore.Database.Command[20101]
      Executed DbCommand (1ms) [Parameters=[], CommandType='Text', CommandTimeout='30']
      CREATE UNIQUE INDEX [IX_Services_OrganisationId_Code] ON [Services] ([OrganisationId], [Code]);
info: Microsoft.EntityFrameworkCore.Database.Command[20101]
      Executed DbCommand (1ms) [Parameters=[], CommandType='Text', CommandTimeout='30']
      CREATE INDEX [IX_StaffOfficeAssignments_Org_Staff] ON [StaffOfficeAssignments] ([OrganisationId], [StaffUserId]);
info: Microsoft.EntityFrameworkCore.Database.Command[20101]
      Executed DbCommand (1ms) [Parameters=[], CommandType='Text', CommandTimeout='30']
      CREATE INDEX [IX_StaffOfficeAssignments_OrganisationId_OfficeId] ON [StaffOfficeAssignments] ([OrganisationId], [OfficeId]);
info: Microsoft.EntityFrameworkCore.Database.Command[20101]
      Executed DbCommand (1ms) [Parameters=[], CommandType='Text', CommandTimeout='30']
      CREATE INDEX [IX_UserInAppNotifications_Dedupe] ON [UserInAppNotifications] ([UserId], [NotificationType], [QueueEntryId], [IsRead]);
info: Microsoft.EntityFrameworkCore.Database.Command[20101]
      Executed DbCommand (1ms) [Parameters=[], CommandType='Text', CommandTimeout='30']
      CREATE INDEX [IX_UserInAppNotifications_UserId_IsRead_CreatedAt] ON [UserInAppNotifications] ([UserId], [IsRead], [CreatedAt]);
info: Microsoft.EntityFrameworkCore.Database.Command[20101]
      Executed DbCommand (1ms) [Parameters=[], CommandType='Text', CommandTimeout='30']
      CREATE INDEX [IX_Users_StaffInviteTokenHash] ON [Users] ([StaffInviteTokenHash]);
info: Microsoft.EntityFrameworkCore.Database.Command[20101]
      Executed DbCommand (2ms) [Parameters=[], CommandType='Text', CommandTimeout='30']
      CREATE UNIQUE INDEX [IX_Users_TenantId_Email] ON [Users] ([TenantId], [Email]);
info: Microsoft.EntityFrameworkCore.Database.Command[20101]
      Executed DbCommand (13ms) [Parameters=[@p0='?' (DbType = Guid), @p1='?' (DbType = DateTimeOffset), @p2='?' (Size = 200), @p3='?' (DbType = Int32), @p4='?' (Size = 64), @p5='?' (Size = 30), @p6='?' (Size = 254), @p7='?' (Size = 100), @p8='?' (Size = 100), @p9='?' (Size = 300), @p10='?' (Size = 20)], CommandType='Text', CommandTimeout='30']
      SET IMPLICIT_TRANSACTIONS OFF;
      SET NOCOUNT ON;
      INSERT INTO [Organisations] ([Id], [CreatedAt], [Name], [QueueNotificationThreshold], [Slug], [Type], [AdminEmail], [AddressCity], [AddressCountry], [AddressLine1], [AddressPostalCode])
      OUTPUT INSERTED.[Status]
      VALUES (@p0, @p1, @p2, @p3, @p4, @p5, @p6, @p7, @p8, @p9, @p10);
info: Microsoft.EntityFrameworkCore.Database.Command[20101]
      Executed DbCommand (4ms) [Parameters=[@p0='?' (DbType = Guid), @p1='?' (DbType = Int32), @p2='?' (DbType = DateTimeOffset), @p3='?' (DbType = Int32), @p4='?' (Size = 200), @p5='?' (DbType = Guid)], CommandType='Text', CommandTimeout='30']
      SET IMPLICIT_TRANSACTIONS OFF;
      SET NOCOUNT ON;
      INSERT INTO [Queues] ([Id], [AverageServiceTimeSeconds], [CreatedAt], [MaxCapacity], [Name], [OrganisationId])
      OUTPUT INSERTED.[Status]
      VALUES (@p0, @p1, @p2, @p3, @p4, @p5);
info: Microsoft.EntityFrameworkCore.Database.Command[20101]
      Executed DbCommand (4ms) [Parameters=[@p0='?' (DbType = Guid), @p1='?' (Size = 120), @p2='?' (DbType = Guid), @p3='?' (Size = 300)], CommandType='Text', CommandTimeout='30']
      SET IMPLICIT_TRANSACTIONS OFF;
      SET NOCOUNT ON;
      INSERT INTO [AppointmentProfiles] ([Id], [Name], [OrganisationId], [ShareableLink])
      OUTPUT INSERTED.[IsActive]
      VALUES (@p0, @p1, @p2, @p3);
warn: Microsoft.AspNetCore.HttpsPolicy.HttpsRedirectionMiddleware[3]
      Failed to determine the https port for redirect.
warn: LuckyPennySoftware.MediatR.License[0]
      You do not have a valid license key for the Lucky Penny software MediatR. This is allowed for development and testing scenarios. If you are running in production you are required to have a licensed version. Please visit https://luckypennysoftware.com to obtain a valid license.
info: Microsoft.EntityFrameworkCore.Database.Command[20101]
      Executed DbCommand (2ms) [Parameters=[@__request_UserId_0='?' (DbType = Guid)], CommandType='Text', CommandTimeout='30']
      SELECT TOP(1) [u].[Id], [u].[AppointmentBookedNotificationsEnabled], [u].[AppointmentCancelledNotificationsEnabled], [u].[AppointmentRescheduledNotificationsEnabled], [u].[CounterName], [u].[CreatedAt], [u].[FailedLoginAttempts], [u].[IsActive], [u].[LockoutUntil], [u].[MfaEnabled], [u].[Name], [u].[PasswordHash], [u].[Phone], [u].[QueueTurnApproachingNotificationsEnabled], [u].[Role], [u].[ShiftEnd], [u].[ShiftStart], [u].[StaffInviteExpiresAt], [u].[StaffInviteTokenHash], [u].[TenantId], [u].[TenantId], [u].[Email]
      FROM [Users] AS [u]
      WHERE [u].[Id] = @__request_UserId_0
info: NextTurn.API.Middleware.DomainExceptionMiddleware[0]
      Domain rule violated at PUT /api/auth/appointment-notification-preferences: User not found.
     Warning:
     The component "Fluent Assertions" is governed by the rules defined in the Xceed License Agreement and
     the Xceed Fluent Assertions Community License. You may use Fluent Assertions free of charge for
     non-commercial use only. An active subscription is required to use Fluent Assertions for commercial use.
     Please contact Xceed Sales mailto:sales@xceed.com to acquire a subscription at a very low cost.
     A paid commercial license supports the development and continued increasing support of
     Fluent Assertions users under both commercial and community licenses. Help us
     keep Fluent Assertions at the forefront of unit testing.
     For more information, visit https://xceed.com/products/unit-testing/fluent-assertions/
[xUnit.net 00:00:10.12]       Expected preferencesUpdate.StatusCode to be HttpStatusCode.NoContent {value: 204}, but found HttpStatusCode.BadRequest {value: 400}.
[xUnit.net 00:00:10.12]       Stack Trace:
[xUnit.net 00:00:10.12]            at FluentAssertions.Execution.LateBoundTestFramework.Throw(String message)
[xUnit.net 00:00:10.12]            at FluentAssertions.Execution.DefaultAssertionStrategy.HandleFailure(String message)
[xUnit.net 00:00:10.12]            at FluentAssertions.Execution.AssertionScope.AddPreFormattedFailure(String formattedFailureMessage)
[xUnit.net 00:00:10.12]            at FluentAssertions.Execution.AssertionChain.FailWith(Func`1 getFailureReason)
[xUnit.net 00:00:10.12]            at FluentAssertions.Execution.AssertionChain.FailWith(Func`1 getFailureReason)
[xUnit.net 00:00:10.12]            at FluentAssertions.Execution.AssertionChain.FailWith(String message, Object[] args)
[xUnit.net 00:00:10.12]            at FluentAssertions.Primitives.EnumAssertions`2.Be(TEnum expected, String because, Object[] becauseArgs)
[xUnit.net 00:00:10.12]         /home/miwesh/Documents/projects/next-turn/tests/NextTurn.IntegrationTests/Appointment/AppointmentNotificationFlowIntegrationTests.cs(174,0): at NextTurn.IntegrationTests.Appointment.AppointmentNotificationFlowIntegrationTests.BookAppointment_WhenBookedPreferenceDisabled_DoesNotWriteAuditLog()
[xUnit.net 00:00:10.12]         --- End of stack trace from previous location ---
info: Microsoft.EntityFrameworkCore.Database.Command[20101]
      Executed DbCommand (3ms) [Parameters=[@p0='?' (DbType = Guid), @p1='?' (DbType = DateTimeOffset), @p2='?' (Size = 200), @p3='?' (DbType = Int32), @p4='?' (Size = 64), @p5='?' (Size = 30), @p6='?' (Size = 254), @p7='?' (Size = 100), @p8='?' (Size = 100), @p9='?' (Size = 300), @p10='?' (Size = 20)], CommandType='Text', CommandTimeout='30']
      SET IMPLICIT_TRANSACTIONS OFF;
      SET NOCOUNT ON;
      INSERT INTO [Organisations] ([Id], [CreatedAt], [Name], [QueueNotificationThreshold], [Slug], [Type], [AdminEmail], [AddressCity], [AddressCountry], [AddressLine1], [AddressPostalCode])
      OUTPUT INSERTED.[Status]
      VALUES (@p0, @p1, @p2, @p3, @p4, @p5, @p6, @p7, @p8, @p9, @p10);
info: Microsoft.EntityFrameworkCore.Database.Command[20101]
      Executed DbCommand (2ms) [Parameters=[@p0='?' (DbType = Guid), @p1='?' (DbType = Int32), @p2='?' (DbType = DateTimeOffset), @p3='?' (DbType = Int32), @p4='?' (Size = 200), @p5='?' (DbType = Guid)], CommandType='Text', CommandTimeout='30']
      SET IMPLICIT_TRANSACTIONS OFF;
      SET NOCOUNT ON;
      INSERT INTO [Queues] ([Id], [AverageServiceTimeSeconds], [CreatedAt], [MaxCapacity], [Name], [OrganisationId])
      OUTPUT INSERTED.[Status]
      VALUES (@p0, @p1, @p2, @p3, @p4, @p5);
info: Microsoft.EntityFrameworkCore.Database.Command[20101]
      Executed DbCommand (2ms) [Parameters=[@p0='?' (DbType = Guid), @p1='?' (Size = 120), @p2='?' (DbType = Guid), @p3='?' (Size = 300)], CommandType='Text', CommandTimeout='30']
      SET IMPLICIT_TRANSACTIONS OFF;
      SET NOCOUNT ON;
      INSERT INTO [AppointmentProfiles] ([Id], [Name], [OrganisationId], [ShareableLink])
      OUTPUT INSERTED.[IsActive]
      VALUES (@p0, @p1, @p2, @p3);
info: Microsoft.EntityFrameworkCore.Database.Command[20101]
      Executed DbCommand (4ms) [Parameters=[@__ef_filter__TenantId_0='?' (DbType = Guid), @__organisationId_0='?' (DbType = Guid), @__appointmentProfileId_1='?' (DbType = Guid), @__slotEnd_2='?' (DbType = DateTimeOffset), @__slotStart_3='?' (DbType = DateTimeOffset)], CommandType='Text', CommandTimeout='30']
      SELECT CASE
          WHEN EXISTS (
              SELECT 1
              FROM [Appointments] AS [a]
              WHERE [a].[OrganisationId] = @__ef_filter__TenantId_0 AND [a].[OrganisationId] = @__organisationId_0 AND [a].[AppointmentProfileId] = @__appointmentProfileId_1 AND [a].[Status] IN (N'Pending', N'Confirmed') AND [a].[SlotStart] &lt; @__slotEnd_2 AND @__slotStart_3 &lt; [a].[SlotEnd]) THEN CAST(1 AS bit)
          ELSE CAST(0 AS bit)
      END
info: Microsoft.EntityFrameworkCore.Database.Command[20101]
      Executed DbCommand (3ms) [Parameters=[@__ef_filter__TenantId_0='?' (DbType = Guid), @__organisationId_0='?' (DbType = Guid), @__userId_1='?' (DbType = Guid), @__endOfDay_2='?' (DbType = DateTimeOffset), @__startOfDay_3='?' (DbType = DateTimeOffset)], CommandType='Text', CommandTimeout='30']
      SELECT CASE
          WHEN EXISTS (
              SELECT 1
              FROM [Appointments] AS [a]
              WHERE [a].[OrganisationId] = @__ef_filter__TenantId_0 AND [a].[OrganisationId] = @__organisationId_0 AND [a].[UserId] = @__userId_1 AND [a].[Status] IN (N'Pending', N'Confirmed') AND [a].[SlotStart] &lt; @__endOfDay_2 AND @__startOfDay_3 &lt; [a].[SlotEnd]) THEN CAST(1 AS bit)
          ELSE CAST(0 AS bit)
      END
info: Microsoft.EntityFrameworkCore.Database.Command[20101]
      Executed DbCommand (5ms) [Parameters=[@p0='?' (DbType = Guid), @p1='?' (DbType = Guid), @p2='?' (DbType = Guid), @p3='?' (DbType = DateTimeOffset), @p4='?' (DbType = DateTimeOffset), @p5='?' (Size = 20), @p6='?' (DbType = Guid)], CommandType='Text', CommandTimeout='30']
      SET IMPLICIT_TRANSACTIONS OFF;
      SET NOCOUNT ON;
      INSERT INTO [Appointments] ([Id], [AppointmentProfileId], [OrganisationId], [SlotEnd], [SlotStart], [Status], [UserId])
      OUTPUT INSERTED.[LateCancellation]
      VALUES (@p0, @p1, @p2, @p3, @p4, @p5, @p6);
info: Microsoft.EntityFrameworkCore.Database.Command[20101]
      Executed DbCommand (5ms) [Parameters=[@__appointmentId_0='?' (DbType = Guid)], CommandType='Text', CommandTimeout='30']
      SELECT TOP(1) [a].[Id], [a].[AppointmentProfileId], [a].[LateCancellation], [a].[OrganisationId], [a].[SlotEnd], [a].[SlotStart], [a].[Status], [a].[UserId]
      FROM [Appointments] AS [a]
      WHERE [a].[Id] = @__appointmentId_0
info: Microsoft.EntityFrameworkCore.Database.Command[20101]
      Executed DbCommand (2ms) [Parameters=[@__appointment_UserId_0='?' (DbType = Guid)], CommandType='Text', CommandTimeout='30']
      SELECT TOP(1) [u].[Id], [u].[AppointmentBookedNotificationsEnabled], [u].[AppointmentCancelledNotificationsEnabled], [u].[AppointmentRescheduledNotificationsEnabled], [u].[CounterName], [u].[CreatedAt], [u].[FailedLoginAttempts], [u].[IsActive], [u].[LockoutUntil], [u].[MfaEnabled], [u].[Name], [u].[PasswordHash], [u].[Phone], [u].[QueueTurnApproachingNotificationsEnabled], [u].[Role], [u].[ShiftEnd], [u].[ShiftStart], [u].[StaffInviteExpiresAt], [u].[StaffInviteTokenHash], [u].[TenantId], [u].[TenantId], [u].[Email]
      FROM [Users] AS [u]
      WHERE [u].[Id] = @__appointment_UserId_0
warn: NextTurn.Application.Appointment.Notifications.AppointmentNotificationService[0]
      Appointment notification skipped. User b578a7bd-36a3-447a-a573-dfc977bc39a2 missing or inactive.
info: Microsoft.EntityFrameworkCore.Database.Command[20101]
      Executed DbCommand (6ms) [Parameters=[@__ef_filter__TenantId_0='?' (DbType = Guid), @__appointmentId_0='?' (DbType = Guid)], CommandType='Text', CommandTimeout='30']
      SELECT TOP(1) [a].[Id], [a].[AppointmentProfileId], [a].[LateCancellation], [a].[OrganisationId], [a].[SlotEnd], [a].[SlotStart], [a].[Status], [a].[UserId]
      FROM [Appointments] AS [a]
      WHERE [a].[OrganisationId] = @__ef_filter__TenantId_0 AND [a].[Id] = @__appointmentId_0
info: Microsoft.EntityFrameworkCore.Database.Command[20101]
      Executed DbCommand (21ms) [Parameters=[@__ef_filter__TenantId_0='?' (DbType = Guid), @__excludedAppointmentId_0='?' (DbType = Guid), @__organisationId_1='?' (DbType = Guid), @__appointmentProfileId_2='?' (DbType = Guid), @__slotEnd_3='?' (DbType = DateTimeOffset), @__slotStart_4='?' (DbType = DateTimeOffset)], CommandType='Text', CommandTimeout='30']
      SELECT CASE
          WHEN EXISTS (
              SELECT 1
              FROM [Appointments] AS [a]
              WHERE [a].[OrganisationId] = @__ef_filter__TenantId_0 AND [a].[Id] &lt;&gt; @__excludedAppointmentId_0 AND [a].[OrganisationId] = @__organisationId_1 AND [a].[AppointmentProfileId] = @__appointmentProfileId_2 AND [a].[Status] IN (N'Pending', N'Confirmed') AND [a].[SlotStart] &lt; @__slotEnd_3 AND @__slotStart_4 &lt; [a].[SlotEnd]) THEN CAST(1 AS bit)
          ELSE CAST(0 AS bit)
      END
info: Microsoft.EntityFrameworkCore.Database.Command[20101]
      Executed DbCommand (7ms) [Parameters=[@__ef_filter__TenantId_0='?' (DbType = Guid), @__organisationId_0='?' (DbType = Guid), @__userId_1='?' (DbType = Guid), @__excludedAppointmentId_Value_2='?' (DbType = Guid), @__endOfDay_3='?' (DbType = DateTimeOffset), @__startOfDay_4='?' (DbType = DateTimeOffset)], CommandType='Text', CommandTimeout='30']
      SELECT CASE
          WHEN EXISTS (
              SELECT 1
              FROM [Appointments] AS [a]
              WHERE [a].[OrganisationId] = @__ef_filter__TenantId_0 AND [a].[OrganisationId] = @__organisationId_0 AND [a].[UserId] = @__userId_1 AND [a].[Id] &lt;&gt; @__excludedAppointmentId_Value_2 AND [a].[Status] IN (N'Pending', N'Confirmed') AND [a].[SlotStart] &lt; @__endOfDay_3 AND @__startOfDay_4 &lt; [a].[SlotEnd]) THEN CAST(1 AS bit)
          ELSE CAST(0 AS bit)
      END
info: Microsoft.EntityFrameworkCore.Database.Command[20101]
      Executed DbCommand (5ms) [Parameters=[@p7='?' (DbType = Guid), @p0='?' (DbType = Guid), @p1='?' (DbType = Boolean), @p2='?' (DbType = Guid), @p3='?' (DbType = DateTimeOffset), @p4='?' (DbType = DateTimeOffset), @p5='?' (Size = 20), @p6='?' (DbType = Guid), @p8='?' (DbType = Guid), @p9='?' (DbType = Guid), @p10='?' (DbType = Guid), @p11='?' (DbType = DateTimeOffset), @p12='?' (DbType = DateTimeOffset), @p13='?' (Size = 20), @p14='?' (DbType = Guid)], CommandType='Text', CommandTimeout='30']
      SET NOCOUNT ON;
      UPDATE [Appointments] SET [AppointmentProfileId] = @p0, [LateCancellation] = @p1, [OrganisationId] = @p2, [SlotEnd] = @p3, [SlotStart] = @p4, [Status] = @p5, [UserId] = @p6
      OUTPUT 1
      WHERE [Id] = @p7;
      INSERT INTO [Appointments] ([Id], [AppointmentProfileId], [OrganisationId], [SlotEnd], [SlotStart], [Status], [UserId])
      OUTPUT INSERTED.[LateCancellation]
      VALUES (@p8, @p9, @p10, @p11, @p12, @p13, @p14);
info: Microsoft.EntityFrameworkCore.Database.Command[20101]
      Executed DbCommand (1ms) [Parameters=[@__appointmentId_0='?' (DbType = Guid)], CommandType='Text', CommandTimeout='30']
      SELECT TOP(1) [a].[Id], [a].[AppointmentProfileId], [a].[LateCancellation], [a].[OrganisationId], [a].[SlotEnd], [a].[SlotStart], [a].[Status], [a].[UserId]
      FROM [Appointments] AS [a]
      WHERE [a].[Id] = @__appointmentId_0
info: Microsoft.EntityFrameworkCore.Database.Command[20101]
      Executed DbCommand (1ms) [Parameters=[@__appointment_UserId_0='?' (DbType = Guid)], CommandType='Text', CommandTimeout='30']
      SELECT TOP(1) [u].[Id], [u].[AppointmentBookedNotificationsEnabled], [u].[AppointmentCancelledNotificationsEnabled], [u].[AppointmentRescheduledNotificationsEnabled], [u].[CounterName], [u].[CreatedAt], [u].[FailedLoginAttempts], [u].[IsActive], [u].[LockoutUntil], [u].[MfaEnabled], [u].[Name], [u].[PasswordHash], [u].[Phone], [u].[QueueTurnApproachingNotificationsEnabled], [u].[Role], [u].[ShiftEnd], [u].[ShiftStart], [u].[StaffInviteExpiresAt], [u].[StaffInviteTokenHash], [u].[TenantId], [u].[TenantId], [u].[Email]
      FROM [Users] AS [u]
      WHERE [u].[Id] = @__appointment_UserId_0
warn: NextTurn.Application.Appointment.Notifications.AppointmentNotificationService[0]
      Appointment notification skipped. User b578a7bd-36a3-447a-a573-dfc977bc39a2 missing or inactive.
info: Microsoft.EntityFrameworkCore.Database.Command[20101]
      Executed DbCommand (4ms) [Parameters=[@__rescheduled_AppointmentId_0='?' (DbType = Guid), @__userId_1='?' (DbType = Guid)], CommandType='Text', CommandTimeout='30']
      SELECT TOP(1) [a].[Id], [a].[AppointmentId], [a].[CreatedAt], [a].[DeliveryStatus], [a].[ErrorMessage], [a].[NotificationType], [a].[OfficeName], [a].[OrganisationId], [a].[RecipientEmail], [a].[ServiceName], [a].[SlotEnd], [a].[SlotStart], [a].[UserId]
      FROM [AppointmentNotificationAuditLogs] AS [a]
      WHERE [a].[AppointmentId] = @__rescheduled_AppointmentId_0 AND [a].[UserId] = @__userId_1 AND [a].[NotificationType] = N'Rescheduled'
[xUnit.net 00:00:10.48]       Expected audit not to be &lt;null&gt;.
[xUnit.net 00:00:10.48]       Stack Trace:
[xUnit.net 00:00:10.48]            at FluentAssertions.Execution.LateBoundTestFramework.Throw(String message)
[xUnit.net 00:00:10.48]            at FluentAssertions.Execution.DefaultAssertionStrategy.HandleFailure(String message)
[xUnit.net 00:00:10.48]            at FluentAssertions.Execution.AssertionScope.AddPreFormattedFailure(String formattedFailureMessage)
[xUnit.net 00:00:10.48]            at FluentAssertions.Execution.AssertionChain.FailWith(Func`1 getFailureReason)
[xUnit.net 00:00:10.48]            at FluentAssertions.Execution.AssertionChain.FailWith(Func`1 getFailureReason)
[xUnit.net 00:00:10.48]            at FluentAssertions.Execution.AssertionChain.FailWith(String message)
[xUnit.net 00:00:10.48]            at FluentAssertions.Primitives.ReferenceTypeAssertions`2.NotBeNull(String because, Object[] becauseArgs)
[xUnit.net 00:00:10.48]         /home/miwesh/Documents/projects/next-turn/tests/NextTurn.IntegrationTests/Appointment/AppointmentNotificationFlowIntegrationTests.cs(121,0): at NextTurn.IntegrationTests.Appointment.AppointmentNotificationFlowIntegrationTests.RescheduleAppointment_WritesRescheduledNotificationAuditLog()
[xUnit.net 00:00:10.48]         /home/miwesh/Documents/projects/next-turn/tests/NextTurn.IntegrationTests/Appointment/AppointmentNotificationFlowIntegrationTests.cs(122,0): at NextTurn.IntegrationTests.Appointment.AppointmentNotificationFlowIntegrationTests.RescheduleAppointment_WritesRescheduledNotificationAuditLog()
[xUnit.net 00:00:10.48]         --- End of stack trace from previous location ---
info: Microsoft.EntityFrameworkCore.Database.Command[20101]
      Executed DbCommand (3ms) [Parameters=[@p0='?' (DbType = Guid), @p1='?' (DbType = DateTimeOffset), @p2='?' (Size = 200), @p3='?' (DbType = Int32), @p4='?' (Size = 64), @p5='?' (Size = 30), @p6='?' (Size = 254), @p7='?' (Size = 100), @p8='?' (Size = 100), @p9='?' (Size = 300), @p10='?' (Size = 20)], CommandType='Text', CommandTimeout='30']
      SET IMPLICIT_TRANSACTIONS OFF;
      SET NOCOUNT ON;
      INSERT INTO [Organisations] ([Id], [CreatedAt], [Name], [QueueNotificationThreshold], [Slug], [Type], [AdminEmail], [AddressCity], [AddressCountry], [AddressLine1], [AddressPostalCode])
      OUTPUT INSERTED.[Status]
      VALUES (@p0, @p1, @p2, @p3, @p4, @p5, @p6, @p7, @p8, @p9, @p10);
info: Microsoft.EntityFrameworkCore.Database.Command[20101]
      Executed DbCommand (2ms) [Parameters=[@p0='?' (DbType = Guid), @p1='?' (DbType = Int32), @p2='?' (DbType = DateTimeOffset), @p3='?' (DbType = Int32), @p4='?' (Size = 200), @p5='?' (DbType = Guid)], CommandType='Text', CommandTimeout='30']
      SET IMPLICIT_TRANSACTIONS OFF;
      SET NOCOUNT ON;
      INSERT INTO [Queues] ([Id], [AverageServiceTimeSeconds], [CreatedAt], [MaxCapacity], [Name], [OrganisationId])
      OUTPUT INSERTED.[Status]
      VALUES (@p0, @p1, @p2, @p3, @p4, @p5);
info: Microsoft.EntityFrameworkCore.Database.Command[20101]
      Executed DbCommand (3ms) [Parameters=[@p0='?' (DbType = Guid), @p1='?' (Size = 120), @p2='?' (DbType = Guid), @p3='?' (Size = 300)], CommandType='Text', CommandTimeout='30']
      SET IMPLICIT_TRANSACTIONS OFF;
      SET NOCOUNT ON;
      INSERT INTO [AppointmentProfiles] ([Id], [Name], [OrganisationId], [ShareableLink])
      OUTPUT INSERTED.[IsActive]
      VALUES (@p0, @p1, @p2, @p3);
info: Microsoft.EntityFrameworkCore.Database.Command[20101]
      Executed DbCommand (1ms) [Parameters=[@__ef_filter__TenantId_0='?' (DbType = Guid), @__organisationId_0='?' (DbType = Guid), @__appointmentProfileId_1='?' (DbType = Guid), @__slotEnd_2='?' (DbType = DateTimeOffset), @__slotStart_3='?' (DbType = DateTimeOffset)], CommandType='Text', CommandTimeout='30']
      SELECT CASE
          WHEN EXISTS (
              SELECT 1
              FROM [Appointments] AS [a]
              WHERE [a].[OrganisationId] = @__ef_filter__TenantId_0 AND [a].[OrganisationId] = @__organisationId_0 AND [a].[AppointmentProfileId] = @__appointmentProfileId_1 AND [a].[Status] IN (N'Pending', N'Confirmed') AND [a].[SlotStart] &lt; @__slotEnd_2 AND @__slotStart_3 &lt; [a].[SlotEnd]) THEN CAST(1 AS bit)
          ELSE CAST(0 AS bit)
      END
info: Microsoft.EntityFrameworkCore.Database.Command[20101]
      Executed DbCommand (1ms) [Parameters=[@__ef_filter__TenantId_0='?' (DbType = Guid), @__organisationId_0='?' (DbType = Guid), @__userId_1='?' (DbType = Guid), @__endOfDay_2='?' (DbType = DateTimeOffset), @__startOfDay_3='?' (DbType = DateTimeOffset)], CommandType='Text', CommandTimeout='30']
      SELECT CASE
          WHEN EXISTS (
              SELECT 1
              FROM [Appointments] AS [a]
              WHERE [a].[OrganisationId] = @__ef_filter__TenantId_0 AND [a].[OrganisationId] = @__organisationId_0 AND [a].[UserId] = @__userId_1 AND [a].[Status] IN (N'Pending', N'Confirmed') AND [a].[SlotStart] &lt; @__endOfDay_2 AND @__startOfDay_3 &lt; [a].[SlotEnd]) THEN CAST(1 AS bit)
          ELSE CAST(0 AS bit)
      END
info: Microsoft.EntityFrameworkCore.Database.Command[20101]
      Executed DbCommand (2ms) [Parameters=[@p0='?' (DbType = Guid), @p1='?' (DbType = Guid), @p2='?' (DbType = Guid), @p3='?' (DbType = DateTimeOffset), @p4='?' (DbType = DateTimeOffset), @p5='?' (Size = 20), @p6='?' (DbType = Guid)], CommandType='Text', CommandTimeout='30']
      SET IMPLICIT_TRANSACTIONS OFF;
      SET NOCOUNT ON;
      INSERT INTO [Appointments] ([Id], [AppointmentProfileId], [OrganisationId], [SlotEnd], [SlotStart], [Status], [UserId])
      OUTPUT INSERTED.[LateCancellation]
      VALUES (@p0, @p1, @p2, @p3, @p4, @p5, @p6);
info: Microsoft.EntityFrameworkCore.Database.Command[20101]
      Executed DbCommand (1ms) [Parameters=[@__appointmentId_0='?' (DbType = Guid)], CommandType='Text', CommandTimeout='30']
      SELECT TOP(1) [a].[Id], [a].[AppointmentProfileId], [a].[LateCancellation], [a].[OrganisationId], [a].[SlotEnd], [a].[SlotStart], [a].[Status], [a].[UserId]
      FROM [Appointments] AS [a]
      WHERE [a].[Id] = @__appointmentId_0
info: Microsoft.EntityFrameworkCore.Database.Command[20101]
      Executed DbCommand (1ms) [Parameters=[@__appointment_UserId_0='?' (DbType = Guid)], CommandType='Text', CommandTimeout='30']
[...]
      SET NOCOUNT ON;
      INSERT INTO [QueueStaffAssignments] ([Id], [CreatedAt], [OrganisationId], [QueueId], [StaffUserId])
      VALUES (@p0, @p1, @p2, @p3, @p4);
      INSERT INTO [Users] ([Id], [CounterName], [CreatedAt], [LockoutUntil], [Name], [PasswordHash], [Phone], [Role], [ShiftEnd], [ShiftStart], [StaffInviteExpiresAt], [StaffInviteTokenHash], [TenantId], [Email])
      OUTPUT INSERTED.[AppointmentBookedNotificationsEnabled], INSERTED.[AppointmentCancelledNotificationsEnabled], INSERTED.[AppointmentRescheduledNotificationsEnabled], INSERTED.[FailedLoginAttempts], INSERTED.[IsActive], INSERTED.[MfaEnabled], INSERTED.[QueueTurnApproachingNotificationsEnabled]
      VALUES (@p5, @p6, @p7, @p8, @p9, @p10, @p11, @p12, @p13, @p14, @p15, @p16, @p17, @p18);
info: Microsoft.EntityFrameworkCore.Database.Command[20101]
      Executed DbCommand (2ms) [Parameters=[@__ef_filter__TenantId_0='?' (DbType = Guid), @__id_0='?' (DbType = Guid)], CommandType='Text', CommandTimeout='30']
      SELECT TOP(1) [q].[Id], [q].[AverageServiceTimeSeconds], [q].[CreatedAt], [q].[MaxCapacity], [q].[Name], [q].[OrganisationId], [q].[Status]
      FROM [Queues] AS [q]
      WHERE [q].[OrganisationId] = @__ef_filter__TenantId_0 AND [q].[Id] = @__id_0
info: Microsoft.EntityFrameworkCore.Database.Command[20101]
      Executed DbCommand (5ms) [Parameters=[@__ef_filter__TenantId_0='?' (DbType = Guid), @__queueId_0='?' (DbType = Guid), @__userId_1='?' (DbType = Guid)], CommandType='Text', CommandTimeout='30']
      SELECT CASE
          WHEN EXISTS (
              SELECT 1
              FROM [QueueEntries] AS [q]
              WHERE EXISTS (
                  SELECT 1
                  FROM [Queues] AS [q0]
                  WHERE [q0].[OrganisationId] = @__ef_filter__TenantId_0 AND [q0].[Id] = [q].[QueueId] AND [q0].[OrganisationId] = @__ef_filter__TenantId_0) AND [q].[QueueId] = @__queueId_0 AND [q].[UserId] = @__userId_1 AND [q].[Status] IN (N'Waiting', N'Serving')) THEN CAST(1 AS bit)
          ELSE CAST(0 AS bit)
      END
info: Microsoft.EntityFrameworkCore.Database.Command[20101]
      Executed DbCommand (4ms) [Parameters=[@__ef_filter__TenantId_0='?' (DbType = Guid), @__queueId_0='?' (DbType = Guid)], CommandType='Text', CommandTimeout='30']
      SELECT COUNT(*)
      FROM [QueueEntries] AS [q]
      WHERE EXISTS (
          SELECT 1
          FROM [Queues] AS [q0]
          WHERE [q0].[OrganisationId] = @__ef_filter__TenantId_0 AND [q0].[Id] = [q].[QueueId] AND [q0].[OrganisationId] = @__ef_filter__TenantId_0) AND [q].[QueueId] = @__queueId_0 AND [q].[Status] IN (N'Waiting', N'Serving')
info: Microsoft.EntityFrameworkCore.Database.Command[20101]
      Executed DbCommand (4ms) [Parameters=[@__ef_filter__TenantId_0='?' (DbType = Guid), @__queueId_0='?' (DbType = Guid)], CommandType='Text', CommandTimeout='30']
      SELECT MAX([q].[TicketNumber])
      FROM [QueueEntries] AS [q]
      WHERE EXISTS (
          SELECT 1
          FROM [Queues] AS [q0]
          WHERE [q0].[OrganisationId] = @__ef_filter__TenantId_0 AND [q0].[Id] = [q].[QueueId] AND [q0].[OrganisationId] = @__ef_filter__TenantId_0) AND [q].[QueueId] = @__queueId_0
info: Microsoft.EntityFrameworkCore.Database.Command[20101]
      Executed DbCommand (5ms) [Parameters=[@p0='?' (DbType = Guid), @p1='?' (DbType = DateTimeOffset), @p2='?' (DbType = Guid), @p3='?' (DbType = Int32), @p4='?' (DbType = Guid), @p5='?' (DbType = Guid), @p6='?' (DbType = DateTimeOffset), @p7='?' (Size = 500), @p8='?' (Size = 50), @p9='?' (DbType = Guid), @p10='?' (DbType = Guid), @p11='?' (DbType = Guid), @p12='?' (DbType = DateTimeOffset), @p13='?' (Size = 120), @p14='?' (DbType = Guid)], CommandType='Text', CommandTimeout='30']
      SET NOCOUNT ON;
      INSERT INTO [QueueEntries] ([Id], [JoinedAt], [QueueId], [TicketNumber], [UserId])
      OUTPUT INSERTED.[Status]
      VALUES (@p0, @p1, @p2, @p3, @p4);
      INSERT INTO [UserInAppNotifications] ([Id], [CreatedAt], [Message], [NotificationType], [OrganisationId], [QueueEntryId], [QueueId], [ReadAt], [Title], [UserId])
      OUTPUT INSERTED.[IsRead]
      VALUES (@p5, @p6, @p7, @p8, @p9, @p10, @p11, @p12, @p13, @p14);
info: Microsoft.EntityFrameworkCore.Database.Command[20101]
      Executed DbCommand (3ms) [Parameters=[@__ef_filter__TenantId_0='?' (DbType = Guid), @__userId_0='?' (DbType = Guid)], CommandType='Text', CommandTimeout='30']
      SELECT TOP(1) [u].[Id], [u].[AppointmentBookedNotificationsEnabled], [u].[AppointmentCancelledNotificationsEnabled], [u].[AppointmentRescheduledNotificationsEnabled], [u].[CounterName], [u].[CreatedAt], [u].[FailedLoginAttempts], [u].[IsActive], [u].[LockoutUntil], [u].[MfaEnabled], [u].[Name], [u].[PasswordHash], [u].[Phone], [u].[QueueTurnApproachingNotificationsEnabled], [u].[Role], [u].[ShiftEnd], [u].[ShiftStart], [u].[StaffInviteExpiresAt], [u].[StaffInviteTokenHash], [u].[TenantId], [u].[TenantId], [u].[Email]
      FROM [Users] AS [u]
      WHERE [u].[TenantId] = @__ef_filter__TenantId_0 AND [u].[Id] = @__userId_0
info: Microsoft.EntityFrameworkCore.Database.Command[20101]
      Executed DbCommand (3ms) [Parameters=[@__ef_filter__TenantId_0='?' (DbType = Guid), @__id_0='?' (DbType = Guid)], CommandType='Text', CommandTimeout='30']
      SELECT TOP(1) [q].[Id], [q].[AverageServiceTimeSeconds], [q].[CreatedAt], [q].[MaxCapacity], [q].[Name], [q].[OrganisationId], [q].[Status]
      FROM [Queues] AS [q]
      WHERE [q].[OrganisationId] = @__ef_filter__TenantId_0 AND [q].[Id] = @__id_0
info: Microsoft.EntityFrameworkCore.Database.Command[20101]
      Executed DbCommand (6ms) [Parameters=[@__ef_filter__TenantId_0='?' (DbType = Guid), @__queueId_0='?' (DbType = Guid), @__userId_1='?' (DbType = Guid)], CommandType='Text', CommandTimeout='30']
      SELECT CASE
          WHEN EXISTS (
              SELECT 1
              FROM [QueueEntries] AS [q]
              WHERE EXISTS (
                  SELECT 1
                  FROM [Queues] AS [q0]
                  WHERE [q0].[OrganisationId] = @__ef_filter__TenantId_0 AND [q0].[Id] = [q].[QueueId] AND [q0].[OrganisationId] = @__ef_filter__TenantId_0) AND [q].[QueueId] = @__queueId_0 AND [q].[UserId] = @__userId_1 AND [q].[Status] IN (N'Waiting', N'Serving')) THEN CAST(1 AS bit)
          ELSE CAST(0 AS bit)
      END
info: Microsoft.EntityFrameworkCore.Database.Command[20101]
      Executed DbCommand (5ms) [Parameters=[@__ef_filter__TenantId_0='?' (DbType = Guid), @__queueId_0='?' (DbType = Guid)], CommandType='Text', CommandTimeout='30']
      SELECT COUNT(*)
      FROM [QueueEntries] AS [q]
      WHERE EXISTS (
          SELECT 1
          FROM [Queues] AS [q0]
          WHERE [q0].[OrganisationId] = @__ef_filter__TenantId_0 AND [q0].[Id] = [q].[QueueId] AND [q0].[OrganisationId] = @__ef_filter__TenantId_0) AND [q].[QueueId] = @__queueId_0 AND [q].[Status] IN (N'Waiting', N'Serving')
info: Microsoft.EntityFrameworkCore.Database.Command[20101]
      Executed DbCommand (5ms) [Parameters=[@__ef_filter__TenantId_0='?' (DbType = Guid), @__queueId_0='?' (DbType = Guid)], CommandType='Text', CommandTimeout='30']
      SELECT MAX([q].[TicketNumber])
      FROM [QueueEntries] AS [q]
      WHERE EXISTS (
          SELECT 1
          FROM [Queues] AS [q0]
          WHERE [q0].[OrganisationId] = @__ef_filter__TenantId_0 AND [q0].[Id] = [q].[QueueId] AND [q0].[OrganisationId] = @__ef_filter__TenantId_0) AND [q].[QueueId] = @__queueId_0
info: Microsoft.EntityFrameworkCore.Database.Command[20101]
      Executed DbCommand (5ms) [Parameters=[@p0='?' (DbType = Guid), @p1='?' (DbType = DateTimeOffset), @p2='?' (DbType = Guid), @p3='?' (DbType = Int32), @p4='?' (DbType = Guid), @p5='?' (DbType = Guid), @p6='?' (DbType = DateTimeOffset), @p7='?' (Size = 500), @p8='?' (Size = 50), @p9='?' (DbType = Guid), @p10='?' (DbType = Guid), @p11='?' (DbType = Guid), @p12='?' (DbType = DateTimeOffset), @p13='?' (Size = 120), @p14='?' (DbType = Guid)], CommandType='Text', CommandTimeout='30']
      SET NOCOUNT ON;
      INSERT INTO [QueueEntries] ([Id], [JoinedAt], [QueueId], [TicketNumber], [UserId])
      OUTPUT INSERTED.[Status]
      VALUES (@p0, @p1, @p2, @p3, @p4);
      INSERT INTO [UserInAppNotifications] ([Id], [CreatedAt], [Message], [NotificationType], [OrganisationId], [QueueEntryId], [QueueId], [ReadAt], [Title], [UserId])
      OUTPUT INSERTED.[IsRead]
      VALUES (@p5, @p6, @p7, @p8, @p9, @p10, @p11, @p12, @p13, @p14);
info: Microsoft.EntityFrameworkCore.Database.Command[20101]
      Executed DbCommand (3ms) [Parameters=[@__ef_filter__TenantId_0='?' (DbType = Guid), @__userId_0='?' (DbType = Guid)], CommandType='Text', CommandTimeout='30']
      SELECT TOP(1) [u].[Id], [u].[AppointmentBookedNotificationsEnabled], [u].[AppointmentCancelledNotificationsEnabled], [u].[AppointmentRescheduledNotificationsEnabled], [u].[CounterName], [u].[CreatedAt], [u].[FailedLoginAttempts], [u].[IsActive], [u].[LockoutUntil], [u].[MfaEnabled], [u].[Name], [u].[PasswordHash], [u].[Phone], [u].[QueueTurnApproachingNotificationsEnabled], [u].[Role], [u].[ShiftEnd], [u].[ShiftStart], [u].[StaffInviteExpiresAt], [u].[StaffInviteTokenHash], [u].[TenantId], [u].[TenantId], [u].[Email]
      FROM [Users] AS [u]
      WHERE [u].[TenantId] = @__ef_filter__TenantId_0 AND [u].[Id] = @__userId_0
info: Microsoft.EntityFrameworkCore.Database.Command[20101]
      Executed DbCommand (4ms) [Parameters=[@__ef_filter__TenantId_0='?' (DbType = Guid), @__queueId_0='?' (DbType = Guid), @__staffUserId_1='?' (DbType = Guid)], CommandType='Text', CommandTimeout='30']
      SELECT CASE
          WHEN EXISTS (
              SELECT 1
              FROM [QueueStaffAssignments] AS [q]
              WHERE [q].[OrganisationId] = @__ef_filter__TenantId_0 AND [q].[QueueId] = @__queueId_0 AND [q].[StaffUserId] = @__staffUserId_1) THEN CAST(1 AS bit)
          ELSE CAST(0 AS bit)
      END
info: Microsoft.EntityFrameworkCore.Database.Command[20101]
      Executed DbCommand (2ms) [Parameters=[@__ef_filter__TenantId_0='?' (DbType = Guid), @__id_0='?' (DbType = Guid)], CommandType='Text', CommandTimeout='30']
      SELECT TOP(1) [q].[Id], [q].[AverageServiceTimeSeconds], [q].[CreatedAt], [q].[MaxCapacity], [q].[Name], [q].[OrganisationId], [q].[Status]
      FROM [Queues] AS [q]
      WHERE [q].[OrganisationId] = @__ef_filter__TenantId_0 AND [q].[Id] = @__id_0
info: Microsoft.EntityFrameworkCore.Database.Command[20101]
      Executed DbCommand (4ms) [Parameters=[@__ef_filter__TenantId_0='?' (DbType = Guid), @__queueId_0='?' (DbType = Guid)], CommandType='Text', CommandTimeout='30']
      SELECT TOP(1) [q].[Id], [q].[JoinedAt], [q].[QueueId], [q].[Status], [q].[TicketNumber], [q].[UserId]
      FROM [QueueEntries] AS [q]
      WHERE EXISTS (
          SELECT 1
          FROM [Queues] AS [q0]
          WHERE [q0].[OrganisationId] = @__ef_filter__TenantId_0 AND [q0].[Id] = [q].[QueueId] AND [q0].[OrganisationId] = @__ef_filter__TenantId_0) AND [q].[QueueId] = @__queueId_0 AND [q].[Status] = N'Serving'
info: Microsoft.EntityFrameworkCore.Database.Command[20101]
      Executed DbCommand (4ms) [Parameters=[@__ef_filter__TenantId_0='?' (DbType = Guid), @__queueId_0='?' (DbType = Guid)], CommandType='Text', CommandTimeout='30']
      SELECT TOP(1) [q].[Id], [q].[JoinedAt], [q].[QueueId], [q].[Status], [q].[TicketNumber], [q].[UserId]
      FROM [QueueEntries] AS [q]
      WHERE EXISTS (
          SELECT 1
          FROM [Queues] AS [q0]
          WHERE [q0].[OrganisationId] = @__ef_filter__TenantId_0 AND [q0].[Id] = [q].[QueueId] AND [q0].[OrganisationId] = @__ef_filter__TenantId_0) AND [q].[QueueId] = @__queueId_0 AND [q].[Status] = N'Waiting'
      ORDER BY [q].[TicketNumber]
info: Microsoft.EntityFrameworkCore.Database.Command[20101]
      Executed DbCommand (5ms) [Parameters=[@p1='?' (DbType = Guid), @p0='?' (Size = 20)], CommandType='Text', CommandTimeout='30']
      SET IMPLICIT_TRANSACTIONS OFF;
      SET NOCOUNT ON;
      UPDATE [QueueEntries] SET [Status] = @p0
      OUTPUT 1
      WHERE [Id] = @p1;
info: Microsoft.EntityFrameworkCore.Database.Command[20101]
      Executed DbCommand (2ms) [Parameters=[@__ef_filter__TenantId_0='?' (DbType = Guid), @__request_QueueId_0='?' (DbType = Guid)], CommandType='Text', CommandTimeout='30']
      SELECT TOP(1) [q].[Id], [q].[AverageServiceTimeSeconds], [q].[CreatedAt], [q].[MaxCapacity], [q].[Name], [q].[OrganisationId], [q].[Status]
      FROM [Queues] AS [q]
      WHERE [q].[OrganisationId] = @__ef_filter__TenantId_0 AND [q].[Id] = @__request_QueueId_0
info: Microsoft.EntityFrameworkCore.Database.Command[20101]
      Executed DbCommand (2ms) [Parameters=[@__queue_OrganisationId_0='?' (DbType = Guid)], CommandType='Text', CommandTimeout='30']
      SELECT TOP(1) [o].[Id], [o].[CreatedAt], [o].[Name], [o].[QueueNotificationThreshold], [o].[Slug], [o].[Status], [o].[Type], [o].[AddressCity], [o].[AddressCountry], [o].[AddressLine1], [o].[AddressPostalCode], [o].[AdminEmail]
      FROM [Organisations] AS [o]
      WHERE [o].[Id] = @__queue_OrganisationId_0
info: Microsoft.EntityFrameworkCore.Database.Command[20101]
      Executed DbCommand (4ms) [Parameters=[@__ef_filter__TenantId_0='?' (DbType = Guid), @__request_QueueId_0='?' (DbType = Guid)], CommandType='Text', CommandTimeout='30']
      SELECT [q].[Id], [q].[UserId], [q].[TicketNumber]
      FROM [QueueEntries] AS [q]
      WHERE EXISTS (
          SELECT 1
          FROM [Queues] AS [q0]
          WHERE [q0].[OrganisationId] = @__ef_filter__TenantId_0 AND [q0].[Id] = [q].[QueueId] AND [q0].[OrganisationId] = @__ef_filter__TenantId_0) AND [q].[QueueId] = @__request_QueueId_0 AND [q].[Status] = N'Waiting'
      ORDER BY [q].[TicketNumber], [q].[JoinedAt]
info: Microsoft.EntityFrameworkCore.Database.Command[20101]
      Executed DbCommand (7ms) [Parameters=[@__ef_filter__TenantId_0='?' (DbType = Guid), @__candidateEntryIds_0='?' (Size = 4000)], CommandType='Text', CommandTimeout='30']
      SELECT DISTINCT [q].[QueueEntryId]
      FROM [QueueTurnNotificationAuditLogs] AS [q]
      WHERE [q].[OrganisationId] = @__ef_filter__TenantId_0 AND [q].[QueueEntryId] IN (
          SELECT [c].[value]
          FROM OPENJSON(@__candidateEntryIds_0) WITH ([value] uniqueidentifier '$') AS [c]
      ) AND [q].[DeliveryStatus] = N'Sent'
info: Microsoft.EntityFrameworkCore.Database.Command[20101]
      Executed DbCommand (2ms) [Parameters=[@__8__locals1_candidate_Entry_UserId_0='?' (DbType = Guid)], CommandType='Text', CommandTimeout='30']
      SELECT TOP(1) [u].[Id], [u].[AppointmentBookedNotificationsEnabled], [u].[AppointmentCancelledNotificationsEnabled], [u].[AppointmentRescheduledNotificationsEnabled], [u].[CounterName], [u].[CreatedAt], [u].[FailedLoginAttempts], [u].[IsActive], [u].[LockoutUntil], [u].[MfaEnabled], [u].[Name], [u].[PasswordHash], [u].[Phone], [u].[QueueTurnApproachingNotificationsEnabled], [u].[Role], [u].[ShiftEnd], [u].[ShiftStart], [u].[StaffInviteExpiresAt], [u].[StaffInviteTokenHash], [u].[TenantId], [u].[TenantId], [u].[Email]
      FROM [Users] AS [u]
      WHERE [u].[Id] = @__8__locals1_candidate_Entry_UserId_0
info: Microsoft.EntityFrameworkCore.Database.Command[20101]
      Executed DbCommand (1ms) [Parameters=[@__ef_filter__TenantId_0='?' (DbType = Guid), @__queueId_0='?' (DbType = Guid), @__staffUserId_1='?' (DbType = Guid)], CommandType='Text', CommandTimeout='30']
      SELECT CASE
          WHEN EXISTS (
              SELECT 1
              FROM [QueueStaffAssignments] AS [q]
              WHERE [q].[OrganisationId] = @__ef_filter__TenantId_0 AND [q].[QueueId] = @__queueId_0 AND [q].[StaffUserId] = @__staffUserId_1) THEN CAST(1 AS bit)
          ELSE CAST(0 AS bit)
      END
info: Microsoft.EntityFrameworkCore.Database.Command[20101]
      Executed DbCommand (1ms) [Parameters=[@__ef_filter__TenantId_0='?' (DbType = Guid), @__id_0='?' (DbType = Guid)], CommandType='Text', CommandTimeout='30']
      SELECT TOP(1) [q].[Id], [q].[AverageServiceTimeSeconds], [q].[CreatedAt], [q].[MaxCapacity], [q].[Name], [q].[OrganisationId], [q].[Status]
      FROM [Queues] AS [q]
      WHERE [q].[OrganisationId] = @__ef_filter__TenantId_0 AND [q].[Id] = @__id_0
info: Microsoft.EntityFrameworkCore.Database.Command[20101]
      Executed DbCommand (1ms) [Parameters=[@__ef_filter__TenantId_0='?' (DbType = Guid), @__queueId_0='?' (DbType = Guid)], CommandType='Text', CommandTimeout='30']
      SELECT TOP(1) [q].[Id], [q].[JoinedAt], [q].[QueueId], [q].[Status], [q].[TicketNumber], [q].[UserId]
      FROM [QueueEntries] AS [q]
      WHERE EXISTS (
          SELECT 1
          FROM [Queues] AS [q0]
          WHERE [q0].[OrganisationId] = @__ef_filter__TenantId_0 AND [q0].[Id] = [q].[QueueId] AND [q0].[OrganisationId] = @__ef_filter__TenantId_0) AND [q].[QueueId] = @__queueId_0 AND [q].[Status] = N'Serving'
info: Microsoft.EntityFrameworkCore.Database.Command[20101]
      Executed DbCommand (4ms) [Parameters=[@__ef_filter__TenantId_0='?' (DbType = Guid), @__queueId_0='?' (DbType = Guid)], CommandType='Text', CommandTimeout='30']
      SELECT [q].[Id], [q].[JoinedAt], [q].[QueueId], [q].[Status], [q].[TicketNumber], [q].[UserId]
      FROM [QueueEntries] AS [q]
      WHERE EXISTS (
          SELECT 1
          FROM [Queues] AS [q0]
          WHERE [q0].[OrganisationId] = @__ef_filter__TenantId_0 AND [q0].[Id] = [q].[QueueId] AND [q0].[OrganisationId] = @__ef_filter__TenantId_0) AND [q].[QueueId] = @__queueId_0 AND [q].[Status] = N'Waiting'
      ORDER BY [q].[TicketNumber]
info: Microsoft.Hosting.Lifetime[0]
      Application is shutting down...
[testcontainers.org 00:00:21.71] Delete Docker container 4f2816ef6e7e
[xUnit.net 00:00:22.46]   Finished:    NextTurn.IntegrationTests
</StdOut>
    </Output>
    <RunInfos>
      <RunInfo computerName="Supremestrawhat" outcome="Error" timestamp="2026-04-20T23:35:43.8431702+05:30">
        <Text>[xUnit.net 00:00:10.12]     NextTurn.IntegrationTests.Appointment.AppointmentNotificationFlowIntegrationTests.BookAppointment_WhenBookedPreferenceDisabled_DoesNotWriteAuditLog [FAIL]</Text>
      </RunInfo>
      <RunInfo computerName="Supremestrawhat" outcome="Error" timestamp="2026-04-20T23:35:44.2050677+05:30">
        <Text>[xUnit.net 00:00:10.48]     NextTurn.IntegrationTests.Appointment.AppointmentNotificationFlowIntegrationTests.RescheduleAppointment_WritesRescheduledNotificationAuditLog [FAIL]</Text>
      </RunInfo>
      <RunInfo computerName="Supremestrawhat" outcome="Error" timestamp="2026-04-20T23:35:44.3211882+05:30">
        <Text>[xUnit.net 00:00:10.59]     NextTurn.IntegrationTests.Appointment.AppointmentNotificationFlowIntegrationTests.CancelAppointment_WritesCancelledNotificationAuditLog [FAIL]</Text>
      </RunInfo>
      <RunInfo computerName="Supremestrawhat" outcome="Error" timestamp="2026-04-20T23:35:44.4650924+05:30">
        <Text>[xUnit.net 00:00:10.71]     NextTurn.IntegrationTests.Appointment.AppointmentNotificationFlowIntegrationTests.BookAppointment_WritesBookedNotificationAuditLog [FAIL]</Text>
      </RunInfo>
      <RunInfo computerName="Supremestrawhat" outcome="Error" timestamp="2026-04-20T23:35:53.0849907+05:30">
        <Text>[xUnit.net 00:00:19.36]     NextTurn.IntegrationTests.Queue.StaffQueueDashboardIntegrationTests.ServeNext_WhenUserPreferenceDisabled_DoesNotWriteNotificationAuditLog [FAIL]</Text>
      </RunInfo>
      <RunInfo computerName="Supremestrawhat" outcome="Error" timestamp="2026-04-20T23:35:53.8865765+05:30">
        <Text>[xUnit.net 00:00:20.16]     NextTurn.IntegrationTests.Queue.StaffQueueDashboardIntegrationTests.ServeNext_WhenNextUserWithinThreshold_WritesNotificationAuditLog [FAIL]</Text>
      </RunInfo>
    </RunInfos>
  </ResultSummary>
</TestRun>